#
# A fatal error has been detected by the Java Runtime Environment:
#
#  EXCEPTION_ACCESS_VIOLATION (0xc0000005) at pc=0x00007ff8eccd71a5, pid=13788, tid=1180
#
# JRE version: Java(TM) SE Runtime Environment (11.0.3+12) (build 11.0.3+12-LTS)
# Java VM: Java HotSpot(TM) 64-Bit Server VM (11.0.3+12-LTS, mixed mode, tiered, compressed oops, g1 gc, windows-amd64)
# Problematic frame:
# V  [jvm.dll+0x5e71a5]
#
# No core dump will be written. Minidumps are not enabled by default on client versions of Windows
#
# If you would like to submit a bug report, please visit:
#   http://bugreport.java.com/bugreport/crash.jsp
#

---------------  S U M M A R Y ------------

Command Line: -Dfile.encoding=UTF-8 -agentpath:C:/Users/Lulac/Documents/netbeans/profiler/lib/deployed/jdk16/windows-amd64/profilerinterface.dll=C:\Users\Lulac\Documents\netbeans\profiler\lib,5140,10 -XX:+HeapDumpOnOutOfMemoryError -XX:HeapDumpPath=C:\Users\Lulac\Documents\NetBeansProjects\Versiones del programa\RexsExpo27-09\REXS\nbproject\private\profiler rexsdesktop.RexsDesktop

Host: Intel(R) Core(TM) i5-4300M CPU @ 2.60GHz, 4 cores, 7G,  Windows 10 , 64 bit Build 18362 (10.0.18362.329)
Time: Fri Sep 27 07:36:47 2019 Hora estándar, América Central elapsed time: 2 seconds (0d 0h 0m 2s)

---------------  T H R E A D  ---------------

Current thread (0x0000020215148000):  JavaThread "*** Profiler Agent Communication Thread" daemon [_thread_in_vm, id=1180, stack(0x000000bb2bf00000,0x000000bb2c000000)]

Stack: [0x000000bb2bf00000,0x000000bb2c000000],  sp=0x000000bb2bffeff0,  free space=1019k
Native frames: (J=compiled Java code, j=interpreted, Vv=VM code, C=native code)
V  [jvm.dll+0x5e71a5]
V  [jvm.dll+0x4a8db0]
C  [profilerinterface.dll+0x34da]

Java frames: (J=compiled Java code, j=interpreted, Vv=VM code)
j  org.netbeans.lib.profiler.server.system.Stacks.getMethodNamesForJMethodIds(I[I[I)[B+0
j  org.netbeans.lib.profiler.server.ProfilerInterface.getMethodNamesForJMethodIds([I)Lorg/netbeans/lib/profiler/wireprotocol/MethodNamesResponse;+20
j  org.netbeans.lib.profiler.server.ProfilerServer.handleClientCommand(Lorg/netbeans/lib/profiler/wireprotocol/Command;)V+691
j  org.netbeans.lib.profiler.server.ProfilerServer.listenToClient()V+48
j  org.netbeans.lib.profiler.server.ProfilerServer.run()V+22
v  ~StubRoutines::call_stub

siginfo: EXCEPTION_ACCESS_VIOLATION (0xc0000005), reading address 0x0000000016b40838


Register to memory mapping:

RIP=0x00007ff8eccd71a5 jvm.dll
RAX=0x000000bb2bfff001 is pointing into the stack for thread: 0x0000020215148000
RBX=0x0000020215148000 is a thread
RCX=0x0000000016b40838 is an unknown value
RDX=0x0000020215148000 is a thread
RSP=0x000000bb2bffeff0 is pointing into the stack for thread: 0x0000020215148000
RBP=0x0000000016b40838 is an unknown value
RSI=0x0000020273e62f70 points into unknown readable memory: a0 22 0f ed f8 7f 00 00
RDI=0x000000bb2bfff110 is pointing into the stack for thread: 0x0000020215148000
R8 =0x000000bb2bfff110 is pointing into the stack for thread: 0x0000020215148000
R9 =0x0000000000000001 is an unknown value
R10=0x0 is NULL
R11=0x000000bb2bffefe8 is pointing into the stack for thread: 0x0000020215148000
R12=0x00000202181a39b0 points into unknown readable memory: 38 08 b4 56 20 13 b4 56
R13=0x000000000000025e is an unknown value
R14=0x00007ff94dc99c68 profilerinterface.dll
R15=0x00007ff94dc99a60 profilerinterface.dll


Registers:
RAX=0x000000bb2bfff001, RBX=0x0000020215148000, RCX=0x0000000016b40838, RDX=0x0000020215148000
RSP=0x000000bb2bffeff0, RBP=0x0000000016b40838, RSI=0x0000020273e62f70, RDI=0x000000bb2bfff110
R8 =0x000000bb2bfff110, R9 =0x0000000000000001, R10=0x0000000000000000, R11=0x000000bb2bffefe8
R12=0x00000202181a39b0, R13=0x000000000000025e, R14=0x00007ff94dc99c68, R15=0x00007ff94dc99a60
RIP=0x00007ff8eccd71a5, EFLAGS=0x0000000000010202

Top of Stack: (sp=0x000000bb2bffeff0)
0x000000bb2bffeff0:   0000020215148000 00007ff8ecad143d
0x000000bb2bfff000:   000000bb2bfff1c0 000000bb2bfff6e0
0x000000bb2bfff010:   0000020215148000 00007ff8ecb98db0
0x000000bb2bfff020:   0000020215148000 0000020215148000
0x000000bb2bfff030:   0000020215148340 00007ff952f59da0
0x000000bb2bfff040:   0000020215148000 0000000000000000
0x000000bb2bfff050:   0000000000000000 0000000000000000
0x000000bb2bfff060:   0000000016b40838 00007ff94dc934da
0x000000bb2bfff070:   0000020215148000 0000000000000000
0x000000bb2bfff080:   0000020215148340 0000000000200021
0x000000bb2bfff090:   00000202181a39b0 00007ff8eca7a323
0x000000bb2bfff0a0:   000000bb2bfff6e0 0000000000200021
0x000000bb2bfff0b0:   0000000000200021 000002020004bae5
0x000000bb2bfff0c0:   0000020216368450 0000020215148000
0x000000bb2bfff0d0:   0000020215148000 0000020216368450
0x000000bb2bfff0e0:   0000000000000000 0000020200009840 

Instructions: (pc=0x00007ff8eccd71a5)
0x00007ff8eccd7185:   cc cc cc cc cc cc cc cc cc cc cc 48 83 ec 28 48
0x00007ff8eccd7195:   85 c9 75 07 33 c0 48 83 c4 28 c3 48 89 5c 24 20
0x00007ff8eccd71a5:   48 8b 19 48 85 db 74 20 48 83 fb 37 74 1a 48 8b
0x00007ff8eccd71b5:   13 48 8b cb ff 52 10 84 c0 74 0d 48 8b c3 48 8b 


Stack slot to memory mapping:
stack at sp + 0 slots: 0x0000020215148000 is a thread
stack at sp + 1 slots: 0x00007ff8ecad143d jvm.dll
stack at sp + 2 slots: 0x000000bb2bfff1c0 is pointing into the stack for thread: 0x0000020215148000
stack at sp + 3 slots: 0x000000bb2bfff6e0 is pointing into the stack for thread: 0x0000020215148000
stack at sp + 4 slots: 0x0000020215148000 is a thread
stack at sp + 5 slots: 0x00007ff8ecb98db0 jvm.dll
stack at sp + 6 slots: 0x0000020215148000 is a thread
stack at sp + 7 slots: 0x0000020215148000 is a thread


---------------  P R O C E S S  ---------------

Threads class SMR info:
_java_thread_list=0x00000202170543e0, length=20, elements={
0x000002027f4e7000, 0x000002027f4dd800, 0x0000020214f82800, 0x0000020214f83800,
0x000002027f4f0800, 0x000002027f4f6800, 0x000002027f4fb800, 0x00000202150f3000,
0x0000020215148000, 0x00000202150ee800, 0x0000020215611800, 0x000002021588c800,
0x000002021593f800, 0x0000020215d0c800, 0x0000020215d0e000, 0x0000020215936800,
0x0000020215d05000, 0x0000020215d3d000, 0x00000202760a9000, 0x0000020217098000
}

Java Threads: ( => current thread )
  0x000002027f4e7000 JavaThread "Reference Handler" daemon [_thread_blocked, id=13460, stack(0x000000bb2b600000,0x000000bb2b700000)]
  0x000002027f4dd800 JavaThread "Finalizer" daemon [_thread_blocked, id=4900, stack(0x000000bb2b700000,0x000000bb2b800000)]
  0x0000020214f82800 JavaThread "Signal Dispatcher" daemon [_thread_blocked, id=1136, stack(0x000000bb2b800000,0x000000bb2b900000)]
  0x0000020214f83800 JavaThread "Attach Listener" daemon [_thread_blocked, id=10084, stack(0x000000bb2b900000,0x000000bb2ba00000)]
  0x000002027f4f0800 JavaThread "C2 CompilerThread0" daemon [_thread_blocked, id=1768, stack(0x000000bb2ba00000,0x000000bb2bb00000)]
  0x000002027f4f6800 JavaThread "C1 CompilerThread0" daemon [_thread_blocked, id=5412, stack(0x000000bb2bb00000,0x000000bb2bc00000)]
  0x000002027f4fb800 JavaThread "Sweeper thread" daemon [_thread_blocked, id=8664, stack(0x000000bb2bc00000,0x000000bb2bd00000)]
  0x00000202150f3000 JavaThread "Common-Cleaner" daemon [_thread_blocked, id=7016, stack(0x000000bb2bd00000,0x000000bb2be00000)]
=>0x0000020215148000 JavaThread "*** Profiler Agent Communication Thread" daemon [_thread_in_vm, id=1180, stack(0x000000bb2bf00000,0x000000bb2c000000)]
  0x00000202150ee800 JavaThread "*** JFluid Monitor thread ***" daemon [_thread_blocked, id=1832, stack(0x000000bb2be00000,0x000000bb2bf00000)]
  0x0000020215611800 JavaThread "*** Profiler Agent Special Execution Thread 6" daemon [_thread_blocked, id=2672, stack(0x000000bb2c000000,0x000000bb2c100000)]
  0x000002021588c800 JavaThread "*** Profiler Agent Special Execution Thread 10" daemon [_thread_blocked, id=12880, stack(0x000000bb2c200000,0x000000bb2c300000)]
  0x000002021593f800 JavaThread "Service Thread" daemon [_thread_blocked, id=5684, stack(0x000000bb2c100000,0x000000bb2c200000)]
  0x0000020215d0c800 JavaThread "C2 CompilerThread1" daemon [_thread_blocked, id=528, stack(0x000000bb2c400000,0x000000bb2c500000)]
  0x0000020215d0e000 JavaThread "Java2D Disposer" daemon [_thread_blocked, id=5552, stack(0x000000bb2c500000,0x000000bb2c600000)]
  0x0000020215936800 JavaThread "AWT-Shutdown" [_thread_blocked, id=1896, stack(0x000000bb2c600000,0x000000bb2c700000)]
  0x0000020215d05000 JavaThread "AWT-Windows" daemon [_thread_in_native, id=13844, stack(0x000000bb2c700000,0x000000bb2c800000)]
  0x0000020215d3d000 JavaThread "AWT-EventQueue-0" [_thread_blocked, id=8580, stack(0x000000bb2c800000,0x000000bb2c900000)]
  0x00000202760a9000 JavaThread "DestroyJavaVM" [_thread_blocked, id=8488, stack(0x000000bb2af00000,0x000000bb2b000000)]
  0x0000020217098000 JavaThread "Image Fetcher 0" daemon [_thread_blocked, id=11156, stack(0x000000bb2cd00000,0x000000bb2ce00000)]

Other Threads:
  0x000002027f4b0800 VMThread "VM Thread" [stack: 0x000000bb2b500000,0x000000bb2b600000] [id=4844]
  0x000002021588d800 WatcherThread [stack: 0x000000bb2c300000,0x000000bb2c400000] [id=4984]
  0x00000202760c3800 GCTaskThread "GC Thread#0" [stack: 0x000000bb2b000000,0x000000bb2b100000] [id=14016]
  0x0000020216dc6800 GCTaskThread "GC Thread#1" [stack: 0x000000bb2c900000,0x000000bb2ca00000] [id=13800]
  0x0000020216c21000 GCTaskThread "GC Thread#2" [stack: 0x000000bb2ca00000,0x000000bb2cb00000] [id=7572]
  0x0000020215890000 GCTaskThread "GC Thread#3" [stack: 0x000000bb2cb00000,0x000000bb2cc00000] [id=13316]
  0x00000202760f2800 ConcurrentGCThread "G1 Main Marker" [stack: 0x000000bb2b100000,0x000000bb2b200000] [id=340]
  0x00000202760f4800 ConcurrentGCThread "G1 Conc#0" [stack: 0x000000bb2b200000,0x000000bb2b300000] [id=9444]
  0x000002027f320800 ConcurrentGCThread "G1 Refine#0" [stack: 0x000000bb2b300000,0x000000bb2b400000] [id=6112]
  0x000002021529b800 ConcurrentGCThread "G1 Refine#1" [stack: 0x000000bb2cc00000,0x000000bb2cd00000] [id=4680]
  0x000002027f321800 ConcurrentGCThread "G1 Young RemSet Sampling" [stack: 0x000000bb2b400000,0x000000bb2b500000] [id=3156]

Threads with active compile tasks:
C1 CompilerThread01608       3       java.lang.StringCoding$Result::with (49 bytes)

VM state:synchronizing (normal execution)

VM Mutex/Monitor currently owned by a thread:  ([mutex/lock_event])
[0x00000202760a5b80] Threads_lock - owner thread: 0x000002027f4b0800

Heap address: 0x0000000081800000, size: 2024 MB, Compressed Oops mode: 32-bit
Narrow klass base: 0x0000000000000000, Narrow klass shift: 3
Compressed class space size: 1073741824 Address: 0x0000000100000000

Heap:
 garbage-first heap   total 131072K, used 9095K [0x0000000081800000, 0x0000000100000000)
  region size 1024K, 4 young (4096K), 2 survivors (2048K)
 Metaspace       used 20598K, capacity 21124K, committed 21504K, reserved 1069056K
  class space    used 2187K, capacity 2434K, committed 2560K, reserved 1048576K
Heap Regions: E=young(eden), S=young(survivor), O=old, HS=humongous(starts), HC=humongous(continues), CS=collection set, F=free, A=archive, TAMS=top-at-mark-start (previous, next)
|   0|0x0000000081800000, 0x0000000081900000, 0x0000000081900000|100%|HS|  |TAMS 0x0000000081800000, 0x0000000081900000| Complete 
|   1|0x0000000081900000, 0x0000000081a00000, 0x0000000081a00000|100%|HC|  |TAMS 0x0000000081900000, 0x0000000081a00000| Complete 
|   2|0x0000000081a00000, 0x0000000081b00000, 0x0000000081b00000|100%| O|  |TAMS 0x0000000081a00000, 0x0000000081b00000| Untracked 
|   3|0x0000000081b00000, 0x0000000081c00000, 0x0000000081c00000|100%| O|  |TAMS 0x0000000081b00000, 0x0000000081c00000| Untracked 
|   4|0x0000000081c00000, 0x0000000081d00000, 0x0000000081d00000|100%| O|  |TAMS 0x0000000081c00000, 0x0000000081d00000| Untracked 
|   5|0x0000000081d00000, 0x0000000081e00000, 0x0000000081e00000|100%| O|  |TAMS 0x0000000081d00000, 0x0000000081e00000| Untracked 
|   6|0x0000000081e00000, 0x0000000081e17e00, 0x0000000081f00000|  9%| O|  |TAMS 0x0000000081e00000, 0x0000000081e17e00| Untracked 
|   7|0x0000000081f00000, 0x0000000081f00000, 0x0000000082000000|  0%| F|  |TAMS 0x0000000081f00000, 0x0000000081f00000| Untracked 
|   8|0x0000000082000000, 0x0000000082000000, 0x0000000082100000|  0%| F|  |TAMS 0x0000000082000000, 0x0000000082000000| Untracked 
|   9|0x0000000082100000, 0x0000000082100000, 0x0000000082200000|  0%| F|  |TAMS 0x0000000082100000, 0x0000000082100000| Untracked 
|  10|0x0000000082200000, 0x0000000082200000, 0x0000000082300000|  0%| F|  |TAMS 0x0000000082200000, 0x0000000082200000| Untracked 
|  11|0x0000000082300000, 0x0000000082300000, 0x0000000082400000|  0%| F|  |TAMS 0x0000000082300000, 0x0000000082300000| Untracked 
|  12|0x0000000082400000, 0x0000000082400000, 0x0000000082500000|  0%| F|  |TAMS 0x0000000082400000, 0x0000000082400000| Untracked 
|  13|0x0000000082500000, 0x0000000082500000, 0x0000000082600000|  0%| F|  |TAMS 0x0000000082500000, 0x0000000082500000| Untracked 
|  14|0x0000000082600000, 0x0000000082600000, 0x0000000082700000|  0%| F|  |TAMS 0x0000000082600000, 0x0000000082600000| Untracked 
|  15|0x0000000082700000, 0x0000000082700000, 0x0000000082800000|  0%| F|  |TAMS 0x0000000082700000, 0x0000000082700000| Untracked 
|  16|0x0000000082800000, 0x0000000082800000, 0x0000000082900000|  0%| F|  |TAMS 0x0000000082800000, 0x0000000082800000| Untracked 
|  17|0x0000000082900000, 0x0000000082900000, 0x0000000082a00000|  0%| F|  |TAMS 0x0000000082900000, 0x0000000082900000| Untracked 
|  18|0x0000000082a00000, 0x0000000082a00000, 0x0000000082b00000|  0%| F|  |TAMS 0x0000000082a00000, 0x0000000082a00000| Untracked 
|  19|0x0000000082b00000, 0x0000000082b00000, 0x0000000082c00000|  0%| F|  |TAMS 0x0000000082b00000, 0x0000000082b00000| Untracked 
|  20|0x0000000082c00000, 0x0000000082c00000, 0x0000000082d00000|  0%| F|  |TAMS 0x0000000082c00000, 0x0000000082c00000| Untracked 
|  21|0x0000000082d00000, 0x0000000082d00000, 0x0000000082e00000|  0%| F|  |TAMS 0x0000000082d00000, 0x0000000082d00000| Untracked 
|  22|0x0000000082e00000, 0x0000000082e00000, 0x0000000082f00000|  0%| F|  |TAMS 0x0000000082e00000, 0x0000000082e00000| Untracked 
|  23|0x0000000082f00000, 0x0000000082f00000, 0x0000000083000000|  0%| F|  |TAMS 0x0000000082f00000, 0x0000000082f00000| Untracked 
|  24|0x0000000083000000, 0x0000000083000000, 0x0000000083100000|  0%| F|  |TAMS 0x0000000083000000, 0x0000000083000000| Untracked 
|  25|0x0000000083100000, 0x0000000083100000, 0x0000000083200000|  0%| F|  |TAMS 0x0000000083100000, 0x0000000083100000| Untracked 
|  26|0x0000000083200000, 0x0000000083200000, 0x0000000083300000|  0%| F|  |TAMS 0x0000000083200000, 0x0000000083200000| Untracked 
|  27|0x0000000083300000, 0x0000000083300000, 0x0000000083400000|  0%| F|  |TAMS 0x0000000083300000, 0x0000000083300000| Untracked 
|  28|0x0000000083400000, 0x0000000083400000, 0x0000000083500000|  0%| F|  |TAMS 0x0000000083400000, 0x0000000083400000| Untracked 
|  29|0x0000000083500000, 0x0000000083500000, 0x0000000083600000|  0%| F|  |TAMS 0x0000000083500000, 0x0000000083500000| Untracked 
|  30|0x0000000083600000, 0x0000000083600000, 0x0000000083700000|  0%| F|  |TAMS 0x0000000083600000, 0x0000000083600000| Untracked 
|  31|0x0000000083700000, 0x0000000083700000, 0x0000000083800000|  0%| F|  |TAMS 0x0000000083700000, 0x0000000083700000| Untracked 
|  32|0x0000000083800000, 0x0000000083800000, 0x0000000083900000|  0%| F|  |TAMS 0x0000000083800000, 0x0000000083800000| Untracked 
|  33|0x0000000083900000, 0x0000000083900000, 0x0000000083a00000|  0%| F|  |TAMS 0x0000000083900000, 0x0000000083900000| Untracked 
|  34|0x0000000083a00000, 0x0000000083a00000, 0x0000000083b00000|  0%| F|  |TAMS 0x0000000083a00000, 0x0000000083a00000| Untracked 
|  35|0x0000000083b00000, 0x0000000083b00000, 0x0000000083c00000|  0%| F|  |TAMS 0x0000000083b00000, 0x0000000083b00000| Untracked 
|  36|0x0000000083c00000, 0x0000000083c00000, 0x0000000083d00000|  0%| F|  |TAMS 0x0000000083c00000, 0x0000000083c00000| Untracked 
|  37|0x0000000083d00000, 0x0000000083d00000, 0x0000000083e00000|  0%| F|  |TAMS 0x0000000083d00000, 0x0000000083d00000| Untracked 
|  38|0x0000000083e00000, 0x0000000083e00000, 0x0000000083f00000|  0%| F|  |TAMS 0x0000000083e00000, 0x0000000083e00000| Untracked 
|  39|0x0000000083f00000, 0x0000000083f00000, 0x0000000084000000|  0%| F|  |TAMS 0x0000000083f00000, 0x0000000083f00000| Untracked 
|  40|0x0000000084000000, 0x0000000084000000, 0x0000000084100000|  0%| F|  |TAMS 0x0000000084000000, 0x0000000084000000| Untracked 
|  41|0x0000000084100000, 0x0000000084100000, 0x0000000084200000|  0%| F|  |TAMS 0x0000000084100000, 0x0000000084100000| Untracked 
|  42|0x0000000084200000, 0x0000000084200000, 0x0000000084300000|  0%| F|  |TAMS 0x0000000084200000, 0x0000000084200000| Untracked 
|  43|0x0000000084300000, 0x0000000084300000, 0x0000000084400000|  0%| F|  |TAMS 0x0000000084300000, 0x0000000084300000| Untracked 
|  44|0x0000000084400000, 0x0000000084400000, 0x0000000084500000|  0%| F|  |TAMS 0x0000000084400000, 0x0000000084400000| Untracked 
|  45|0x0000000084500000, 0x0000000084500000, 0x0000000084600000|  0%| F|  |TAMS 0x0000000084500000, 0x0000000084500000| Untracked 
|  46|0x0000000084600000, 0x0000000084600000, 0x0000000084700000|  0%| F|  |TAMS 0x0000000084600000, 0x0000000084600000| Untracked 
|  47|0x0000000084700000, 0x0000000084700000, 0x0000000084800000|  0%| F|  |TAMS 0x0000000084700000, 0x0000000084700000| Untracked 
|  48|0x0000000084800000, 0x0000000084800000, 0x0000000084900000|  0%| F|  |TAMS 0x0000000084800000, 0x0000000084800000| Untracked 
|  49|0x0000000084900000, 0x0000000084900000, 0x0000000084a00000|  0%| F|  |TAMS 0x0000000084900000, 0x0000000084900000| Untracked 
|  50|0x0000000084a00000, 0x0000000084a00000, 0x0000000084b00000|  0%| F|  |TAMS 0x0000000084a00000, 0x0000000084a00000| Untracked 
|  51|0x0000000084b00000, 0x0000000084b00000, 0x0000000084c00000|  0%| F|  |TAMS 0x0000000084b00000, 0x0000000084b00000| Untracked 
|  52|0x0000000084c00000, 0x0000000084c00000, 0x0000000084d00000|  0%| F|  |TAMS 0x0000000084c00000, 0x0000000084c00000| Untracked 
|  53|0x0000000084d00000, 0x0000000084d00000, 0x0000000084e00000|  0%| F|  |TAMS 0x0000000084d00000, 0x0000000084d00000| Untracked 
|  54|0x0000000084e00000, 0x0000000084e00000, 0x0000000084f00000|  0%| F|  |TAMS 0x0000000084e00000, 0x0000000084e00000| Untracked 
|  55|0x0000000084f00000, 0x0000000084f00000, 0x0000000085000000|  0%| F|  |TAMS 0x0000000084f00000, 0x0000000084f00000| Untracked 
|  56|0x0000000085000000, 0x0000000085000000, 0x0000000085100000|  0%| F|  |TAMS 0x0000000085000000, 0x0000000085000000| Untracked 
|  57|0x0000000085100000, 0x0000000085100000, 0x0000000085200000|  0%| F|  |TAMS 0x0000000085100000, 0x0000000085100000| Untracked 
|  58|0x0000000085200000, 0x0000000085200000, 0x0000000085300000|  0%| F|  |TAMS 0x0000000085200000, 0x0000000085200000| Untracked 
|  59|0x0000000085300000, 0x0000000085300000, 0x0000000085400000|  0%| F|  |TAMS 0x0000000085300000, 0x0000000085300000| Untracked 
|  60|0x0000000085400000, 0x0000000085400000, 0x0000000085500000|  0%| F|  |TAMS 0x0000000085400000, 0x0000000085400000| Untracked 
|  61|0x0000000085500000, 0x0000000085500000, 0x0000000085600000|  0%| F|  |TAMS 0x0000000085500000, 0x0000000085500000| Untracked 
|  62|0x0000000085600000, 0x0000000085600000, 0x0000000085700000|  0%| F|  |TAMS 0x0000000085600000, 0x0000000085600000| Untracked 
|  63|0x0000000085700000, 0x0000000085700000, 0x0000000085800000|  0%| F|  |TAMS 0x0000000085700000, 0x0000000085700000| Untracked 
|  64|0x0000000085800000, 0x0000000085800000, 0x0000000085900000|  0%| F|  |TAMS 0x0000000085800000, 0x0000000085800000| Untracked 
|  65|0x0000000085900000, 0x0000000085900000, 0x0000000085a00000|  0%| F|  |TAMS 0x0000000085900000, 0x0000000085900000| Untracked 
|  66|0x0000000085a00000, 0x0000000085a00000, 0x0000000085b00000|  0%| F|  |TAMS 0x0000000085a00000, 0x0000000085a00000| Untracked 
|  67|0x0000000085b00000, 0x0000000085b00000, 0x0000000085c00000|  0%| F|  |TAMS 0x0000000085b00000, 0x0000000085b00000| Untracked 
|  68|0x0000000085c00000, 0x0000000085c00000, 0x0000000085d00000|  0%| F|  |TAMS 0x0000000085c00000, 0x0000000085c00000| Untracked 
|  69|0x0000000085d00000, 0x0000000085d00000, 0x0000000085e00000|  0%| F|  |TAMS 0x0000000085d00000, 0x0000000085d00000| Untracked 
|  70|0x0000000085e00000, 0x0000000085e00000, 0x0000000085f00000|  0%| F|  |TAMS 0x0000000085e00000, 0x0000000085e00000| Untracked 
|  71|0x0000000085f00000, 0x0000000085f00000, 0x0000000086000000|  0%| F|  |TAMS 0x0000000085f00000, 0x0000000085f00000| Untracked 
|  72|0x0000000086000000, 0x0000000086000000, 0x0000000086100000|  0%| F|  |TAMS 0x0000000086000000, 0x0000000086000000| Untracked 
|  73|0x0000000086100000, 0x0000000086100000, 0x0000000086200000|  0%| F|  |TAMS 0x0000000086100000, 0x0000000086100000| Untracked 
|  74|0x0000000086200000, 0x0000000086200000, 0x0000000086300000|  0%| F|  |TAMS 0x0000000086200000, 0x0000000086200000| Untracked 
|  75|0x0000000086300000, 0x0000000086300000, 0x0000000086400000|  0%| F|  |TAMS 0x0000000086300000, 0x0000000086300000| Untracked 
|  76|0x0000000086400000, 0x0000000086400000, 0x0000000086500000|  0%| F|  |TAMS 0x0000000086400000, 0x0000000086400000| Untracked 
|  77|0x0000000086500000, 0x0000000086500000, 0x0000000086600000|  0%| F|  |TAMS 0x0000000086500000, 0x0000000086500000| Untracked 
|  78|0x0000000086600000, 0x0000000086600000, 0x0000000086700000|  0%| F|  |TAMS 0x0000000086600000, 0x0000000086600000| Untracked 
|  79|0x0000000086700000, 0x0000000086700000, 0x0000000086800000|  0%| F|  |TAMS 0x0000000086700000, 0x0000000086700000| Untracked 
|  80|0x0000000086800000, 0x0000000086800000, 0x0000000086900000|  0%| F|  |TAMS 0x0000000086800000, 0x0000000086800000| Untracked 
|  81|0x0000000086900000, 0x0000000086900000, 0x0000000086a00000|  0%| F|  |TAMS 0x0000000086900000, 0x0000000086900000| Untracked 
|  82|0x0000000086a00000, 0x0000000086a00000, 0x0000000086b00000|  0%| F|  |TAMS 0x0000000086a00000, 0x0000000086a00000| Untracked 
|  83|0x0000000086b00000, 0x0000000086b00000, 0x0000000086c00000|  0%| F|  |TAMS 0x0000000086b00000, 0x0000000086b00000| Untracked 
|  84|0x0000000086c00000, 0x0000000086c00000, 0x0000000086d00000|  0%| F|  |TAMS 0x0000000086c00000, 0x0000000086c00000| Untracked 
|  85|0x0000000086d00000, 0x0000000086d00000, 0x0000000086e00000|  0%| F|  |TAMS 0x0000000086d00000, 0x0000000086d00000| Untracked 
|  86|0x0000000086e00000, 0x0000000086e00000, 0x0000000086f00000|  0%| F|  |TAMS 0x0000000086e00000, 0x0000000086e00000| Untracked 
|  87|0x0000000086f00000, 0x0000000086f00000, 0x0000000087000000|  0%| F|  |TAMS 0x0000000086f00000, 0x0000000086f00000| Untracked 
|  88|0x0000000087000000, 0x0000000087000000, 0x0000000087100000|  0%| F|  |TAMS 0x0000000087000000, 0x0000000087000000| Untracked 
|  89|0x0000000087100000, 0x0000000087100000, 0x0000000087200000|  0%| F|  |TAMS 0x0000000087100000, 0x0000000087100000| Untracked 
|  90|0x0000000087200000, 0x0000000087200000, 0x0000000087300000|  0%| F|  |TAMS 0x0000000087200000, 0x0000000087200000| Untracked 
|  91|0x0000000087300000, 0x0000000087300000, 0x0000000087400000|  0%| F|  |TAMS 0x0000000087300000, 0x0000000087300000| Untracked 
|  92|0x0000000087400000, 0x0000000087400000, 0x0000000087500000|  0%| F|  |TAMS 0x0000000087400000, 0x0000000087400000| Untracked 
|  93|0x0000000087500000, 0x0000000087500000, 0x0000000087600000|  0%| F|  |TAMS 0x0000000087500000, 0x0000000087500000| Untracked 
|  94|0x0000000087600000, 0x0000000087600000, 0x0000000087700000|  0%| F|  |TAMS 0x0000000087600000, 0x0000000087600000| Untracked 
|  95|0x0000000087700000, 0x0000000087700000, 0x0000000087800000|  0%| F|  |TAMS 0x0000000087700000, 0x0000000087700000| Untracked 
|  96|0x0000000087800000, 0x0000000087800000, 0x0000000087900000|  0%| F|  |TAMS 0x0000000087800000, 0x0000000087800000| Untracked 
|  97|0x0000000087900000, 0x0000000087900000, 0x0000000087a00000|  0%| F|  |TAMS 0x0000000087900000, 0x0000000087900000| Untracked 
|  98|0x0000000087a00000, 0x0000000087a00000, 0x0000000087b00000|  0%| F|  |TAMS 0x0000000087a00000, 0x0000000087a00000| Untracked 
|  99|0x0000000087b00000, 0x0000000087b00000, 0x0000000087c00000|  0%| F|  |TAMS 0x0000000087b00000, 0x0000000087b00000| Untracked 
| 100|0x0000000087c00000, 0x0000000087c00000, 0x0000000087d00000|  0%| F|  |TAMS 0x0000000087c00000, 0x0000000087c00000| Untracked 
| 101|0x0000000087d00000, 0x0000000087d00000, 0x0000000087e00000|  0%| F|  |TAMS 0x0000000087d00000, 0x0000000087d00000| Untracked 
| 102|0x0000000087e00000, 0x0000000087e00000, 0x0000000087f00000|  0%| F|  |TAMS 0x0000000087e00000, 0x0000000087e00000| Untracked 
| 103|0x0000000087f00000, 0x0000000087f00000, 0x0000000088000000|  0%| F|  |TAMS 0x0000000087f00000, 0x0000000087f00000| Untracked 
| 104|0x0000000088000000, 0x0000000088000000, 0x0000000088100000|  0%| F|  |TAMS 0x0000000088000000, 0x0000000088000000| Untracked 
| 105|0x0000000088100000, 0x0000000088100000, 0x0000000088200000|  0%| F|  |TAMS 0x0000000088100000, 0x0000000088100000| Untracked 
| 106|0x0000000088200000, 0x0000000088200000, 0x0000000088300000|  0%| F|  |TAMS 0x0000000088200000, 0x0000000088200000| Untracked 
| 107|0x0000000088300000, 0x0000000088300000, 0x0000000088400000|  0%| F|  |TAMS 0x0000000088300000, 0x0000000088300000| Untracked 
| 108|0x0000000088400000, 0x0000000088400000, 0x0000000088500000|  0%| F|  |TAMS 0x0000000088400000, 0x0000000088400000| Untracked 
| 109|0x0000000088500000, 0x0000000088500000, 0x0000000088600000|  0%| F|  |TAMS 0x0000000088500000, 0x0000000088500000| Untracked 
| 110|0x0000000088600000, 0x0000000088600000, 0x0000000088700000|  0%| F|  |TAMS 0x0000000088600000, 0x0000000088600000| Untracked 
| 111|0x0000000088700000, 0x0000000088700000, 0x0000000088800000|  0%| F|  |TAMS 0x0000000088700000, 0x0000000088700000| Untracked 
| 112|0x0000000088800000, 0x0000000088800000, 0x0000000088900000|  0%| F|  |TAMS 0x0000000088800000, 0x0000000088800000| Untracked 
| 113|0x0000000088900000, 0x0000000088900000, 0x0000000088a00000|  0%| F|  |TAMS 0x0000000088900000, 0x0000000088900000| Untracked 
| 114|0x0000000088a00000, 0x0000000088a00000, 0x0000000088b00000|  0%| F|  |TAMS 0x0000000088a00000, 0x0000000088a00000| Untracked 
| 115|0x0000000088b00000, 0x0000000088b00000, 0x0000000088c00000|  0%| F|  |TAMS 0x0000000088b00000, 0x0000000088b00000| Untracked 
| 116|0x0000000088c00000, 0x0000000088c00000, 0x0000000088d00000|  0%| F|  |TAMS 0x0000000088c00000, 0x0000000088c00000| Untracked 
| 117|0x0000000088d00000, 0x0000000088d00000, 0x0000000088e00000|  0%| F|  |TAMS 0x0000000088d00000, 0x0000000088d00000| Untracked 
| 118|0x0000000088e00000, 0x0000000088e00000, 0x0000000088f00000|  0%| F|  |TAMS 0x0000000088e00000, 0x0000000088e00000| Untracked 
| 119|0x0000000088f00000, 0x0000000088f00000, 0x0000000089000000|  0%| F|  |TAMS 0x0000000088f00000, 0x0000000088f00000| Untracked 
| 120|0x0000000089000000, 0x0000000089000000, 0x0000000089100000|  0%| F|  |TAMS 0x0000000089000000, 0x0000000089000000| Untracked 
| 121|0x0000000089100000, 0x00000000891c9f60, 0x0000000089200000| 78%| S|CS|TAMS 0x0000000089100000, 0x0000000089100000| Complete 
| 122|0x0000000089200000, 0x0000000089200000, 0x0000000089300000|  0%| F|  |TAMS 0x0000000089200000, 0x0000000089200000| Untracked 
| 123|0x0000000089300000, 0x0000000089400000, 0x0000000089400000|100%| S|CS|TAMS 0x0000000089300000, 0x0000000089300000| Complete 
| 124|0x0000000089400000, 0x0000000089400000, 0x0000000089500000|  0%| F|  |TAMS 0x0000000089400000, 0x0000000089400000| Untracked 
| 125|0x0000000089500000, 0x0000000089500000, 0x0000000089600000|  0%| F|  |TAMS 0x0000000089500000, 0x0000000089500000| Untracked 
| 126|0x0000000089600000, 0x000000008962ab78, 0x0000000089700000| 16%| E|  |TAMS 0x0000000089600000, 0x0000000089600000| Complete 
| 127|0x0000000089700000, 0x0000000089800000, 0x0000000089800000|100%| E|CS|TAMS 0x0000000089700000, 0x0000000089700000| Complete 

Card table byte_map: [0x000002027e7e0000,0x000002027ebe0000] _byte_map_base: 0x000002027e3d4000

Marking Bits (Prev, Next): (CMBitMap*) 0x00000202760e9a88, (CMBitMap*) 0x00000202760e9ac0
 Prev Bits: [0x000002020f000000, 0x0000020210fa0000)
 Next Bits: [0x0000020210fa0000, 0x0000020212f40000)

Polling page: 0x0000020274040000

Metaspace:

Usage:
  Non-class:     18.25 MB capacity,    17.98 MB ( 99%) used,   219.13 KB (  1%) free+waste,    59.25 KB ( <1%) overhead. 
      Class:      2.38 MB capacity,     2.14 MB ( 90%) used,   216.04 KB (  9%) free+waste,    30.81 KB (  1%) overhead. 
       Both:     20.63 MB capacity,    20.12 MB ( 98%) used,   435.16 KB (  2%) free+waste,    90.06 KB ( <1%) overhead. 

Virtual space:
  Non-class space:       20.00 MB reserved,      18.50 MB ( 93%) committed 
      Class space:        1.00 GB reserved,       2.50 MB ( <1%) committed 
             Both:        1.02 GB reserved,      21.00 MB (  2%) committed 

Chunk freelists:
   Non-Class:  7.75 KB
       Class:  3.75 KB
        Both:  11.50 KB

CodeHeap 'non-profiled nmethods': size=120064Kb used=535Kb max_used=537Kb free=119528Kb
 bounds [0x0000020207ac0000, 0x0000020207d30000, 0x000002020f000000]
CodeHeap 'profiled nmethods': size=120000Kb used=2884Kb max_used=2900Kb free=117115Kb
 bounds [0x0000020200590000, 0x0000020200870000, 0x0000020207ac0000]
CodeHeap 'non-nmethods': size=5696Kb used=1234Kb max_used=1258Kb free=4461Kb
 bounds [0x0000020200000000, 0x0000020200270000, 0x0000020200590000]
 total_blobs=2493 nmethods=1575 adapters=520
 compilation: enabled
              stopped_count=0, restarted_count=0
 full_count=0

Compilation events (10 events):
Event: 2.443 Thread 0x000002027f4f6800 nmethod 1595 0x0000020200591410 code [0x0000020200591600, 0x0000020200591af0]
Event: 2.444 Thread 0x000002027f4f6800 1596       3       java.util.Locale::getLanguage (8 bytes)
Event: 2.444 Thread 0x000002027f4f6800 nmethod 1596 0x0000020200590010 code [0x00000202005901c0, 0x0000020200590338]
Event: 2.445 Thread 0x000002027f4f6800 1597       3       java.io.Bits::getInt (43 bytes)
Event: 2.445 Thread 0x000002027f4f6800 nmethod 1597 0x0000020200590e10 code [0x0000020200590fc0, 0x00000202005911b8]
Event: 2.445 Thread 0x000002027f4f6800 1599       3       java.io.ObjectInputStream$BlockDataInputStream::readInt (73 bytes)
Event: 2.446 Thread 0x000002027f4f6800 nmethod 1599 0x0000020200597510 code [0x0000020200597700, 0x00000202005979f0]
Event: 2.446 Thread 0x000002027f4f6800 1598       3       java.io.ObjectInputStream::readInt (8 bytes)
Event: 2.446 Thread 0x000002027f4f6800 nmethod 1598 0x0000020200598d10 code [0x0000020200598ec0, 0x0000020200599050]
Event: 2.446 Thread 0x000002027f4f6800 1600       3       java.lang.invoke.VarHandleGuards::guard_LII_Z (70 bytes)

GC Heap History (6 events):
Event: 1.916 GC heap before
{Heap before GC invocations=0 (full 0):
 garbage-first heap   total 131072K, used 15360K [0x0000000081800000, 0x0000000100000000)
  region size 1024K, 14 young (14336K), 0 survivors (0K)
 Metaspace       used 15866K, capacity 16305K, committed 16512K, reserved 1064960K
  class space    used 1652K, capacity 1865K, committed 1920K, reserved 1048576K
}
Event: 1.925 GC heap after
{Heap after GC invocations=1 (full 0):
 garbage-first heap   total 131072K, used 6245K [0x0000000081800000, 0x0000000100000000)
  region size 1024K, 2 young (2048K), 2 survivors (2048K)
 Metaspace       used 15866K, capacity 16305K, committed 16512K, reserved 1064960K
  class space    used 1652K, capacity 1865K, committed 1920K, reserved 1048576K
}
Event: 2.231 GC heap before
{Heap before GC invocations=1 (full 0):
 garbage-first heap   total 131072K, used 11365K [0x0000000081800000, 0x0000000100000000)
  region size 1024K, 7 young (7168K), 2 survivors (2048K)
 Metaspace       used 19599K, capacity 20139K, committed 20352K, reserved 1067008K
  class space    used 2113K, capacity 2361K, committed 2432K, reserved 1048576K
}
Event: 2.237 GC heap after
{Heap after GC invocations=2 (full 0):
 garbage-first heap   total 131072K, used 7175K [0x0000000081800000, 0x0000000100000000)
  region size 1024K, 1 young (1024K), 1 survivors (1024K)
 Metaspace       used 19599K, capacity 20139K, committed 20352K, reserved 1067008K
  class space    used 2113K, capacity 2361K, committed 2432K, reserved 1048576K
}
Event: 2.431 GC heap before
{Heap before GC invocations=2 (full 0):
 garbage-first heap   total 131072K, used 10247K [0x0000000081800000, 0x0000000100000000)
  region size 1024K, 5 young (5120K), 1 survivors (1024K)
 Metaspace       used 20578K, capacity 21060K, committed 21248K, reserved 1069056K
  class space    used 2185K, capacity 2434K, committed 2560K, reserved 1048576K
}
Event: 2.436 GC heap after
{Heap after GC invocations=3 (full 0):
 garbage-first heap   total 131072K, used 8071K [0x0000000081800000, 0x0000000100000000)
  region size 1024K, 2 young (2048K), 2 survivors (2048K)
 Metaspace       used 20578K, capacity 21060K, committed 21248K, reserved 1069056K
  class space    used 2185K, capacity 2434K, committed 2560K, reserved 1048576K
}

Deoptimization events (10 events):
Event: 2.150 Thread 0x0000020215d3d000 Uncommon trap: reason=class_check action=maybe_recompile pc=0x0000020207ae0364 method=java.lang.String.equals(Ljava/lang/Object;)Z @ 8 c2
Event: 2.241 Thread 0x0000020217098000 Uncommon trap: reason=unstable_if action=reinterpret pc=0x0000020207b19408 method=java.lang.AbstractStringBuilder.append(Ljava/lang/String;)Ljava/lang/AbstractStringBuilder; @ 1 c2
Event: 2.242 Thread 0x0000020217098000 Uncommon trap: reason=unstable_if action=reinterpret pc=0x0000020207af9100 method=java.lang.AbstractStringBuilder.append(Ljava/lang/String;)Ljava/lang/AbstractStringBuilder; @ 1 c2
Event: 2.280 Thread 0x0000020217098000 Uncommon trap: reason=unstable_if action=reinterpret pc=0x0000020207acf5b0 method=java.lang.StringLatin1.canEncode(I)Z @ 4 c2
Event: 2.280 Thread 0x0000020217098000 Uncommon trap: reason=unstable_if action=reinterpret pc=0x0000020207ace688 method=java.lang.AbstractStringBuilder.isLatin1()Z @ 10 c2
Event: 2.280 Thread 0x0000020217098000 Uncommon trap: reason=unstable_if action=reinterpret pc=0x0000020207b234f8 method=java.lang.AbstractStringBuilder.isLatin1()Z @ 10 c2
Event: 2.286 Thread 0x0000020217098000 Uncommon trap: reason=class_check action=maybe_recompile pc=0x0000020207b269a8 method=java.io.DataInputStream.readByte()B @ 4 c2
Event: 2.286 Thread 0x0000020217098000 Uncommon trap: reason=class_check action=maybe_recompile pc=0x0000020207b269a8 method=java.io.DataInputStream.readByte()B @ 4 c2
Event: 2.286 Thread 0x0000020217098000 Uncommon trap: reason=class_check action=maybe_recompile pc=0x0000020207b269a8 method=java.io.DataInputStream.readByte()B @ 4 c2
Event: 2.286 Thread 0x0000020217098000 Uncommon trap: reason=class_check action=maybe_recompile pc=0x0000020207b269a8 method=java.io.DataInputStream.readByte()B @ 4 c2

Classes redefined (0 events):
No events

Internal exceptions (10 events):
Event: 1.898 Thread 0x0000020215d3d000 Exception <a 'java/lang/NoSuchMethodError'{0x0000000088a66fe8}: java.lang.invoke.DirectMethodHandle$Holder.invokeSpecial(Ljava/lang/Object;Ljava/lang/Object;ILjava/lang/Object;Ljava/lang/Object;Ljava/lang/Object;)Ljava/lang/Object;> (0x0000000088a66fe8) t
Event: 1.940 Thread 0x0000020215d3d000 Exception <a 'java/lang/ClassNotFoundException'{0x00000000897b1ac8}: com/sun/swing/internal/plaf/metal/resources/spi/metalProvider> (0x00000000897b1ac8) thrown at [t:/workspace/open/src/hotspot/share/classfile/systemDictionary.cpp, line 231]
Event: 1.941 Thread 0x0000020215d3d000 Exception <a 'java/lang/ClassNotFoundException'{0x00000000897b6650}: com/sun/swing/internal/plaf/basic/resources/spi/basicProvider> (0x00000000897b6650) thrown at [t:/workspace/open/src/hotspot/share/classfile/systemDictionary.cpp, line 231]
Event: 1.950 Thread 0x0000020215d3d000 Implicit null exception at 0x0000020207b0e0f8 to 0x0000020207b0e18a
Event: 2.129 Thread 0x0000020215d3d000 Exception <a 'java/lang/NoSuchMethodError'{0x00000000894e1600}: java.lang.invoke.DirectMethodHandle$Holder.invokeSpecial(Ljava/lang/Object;Ljava/lang/Object;IILjava/lang/Object;Ljava/lang/Object;Ljava/lang/Object;Ljava/lang/Object;)Ljava/lang/Object;> (0x
Event: 2.130 Thread 0x0000020215d3d000 Exception <a 'java/lang/NoSuchMethodError'{0x00000000894e4d38}: java.lang.invoke.DelegatingMethodHandle$Holder.reinvoke_L(Ljava/lang/Object;IILjava/lang/Object;Ljava/lang/Object;Ljava/lang/Object;Ljava/lang/Object;)Ljava/lang/Object;> (0x00000000894e4d38)
Event: 2.133 Thread 0x0000020215d3d000 Exception <a 'java/lang/NoSuchMethodError'{0x0000000089318d00}: java.lang.invoke.DirectMethodHandle$Holder.invokeStatic(Ljava/lang/Object;Ljava/lang/Object;Ljava/lang/Object;Ljava/lang/Object;Ljava/lang/Object;Ljava/lang/Object;Ljava/lang/Object;Ljava/lan
Event: 2.137 Thread 0x0000020215d3d000 Exception <a 'java/lang/NoSuchMethodError'{0x00000000893358b8}: java.lang.invoke.DirectMethodHandle$Holder.invokeStatic(Ljava/lang/Object;Ljava/lang/Object;Ljava/lang/Object;Ljava/lang/Object;Ljava/lang/Object;Ljava/lang/Object;Ljava/lang/Object;Ljava/lan
Event: 2.241 Thread 0x0000020217098000 Implicit null exception at 0x0000020207b18ef4 to 0x0000020207b193ee
Event: 2.242 Thread 0x0000020217098000 Implicit null exception at 0x0000020207af8bf4 to 0x0000020207af90e6

Events (10 events):
Event: 2.442 Thread 0x000002027f4fb800 flushing nmethod 0x00000202005c0410
Event: 2.442 Thread 0x000002027f4fb800 flushing nmethod 0x00000202005c0910
Event: 2.442 Thread 0x000002027f4fb800 flushing nmethod 0x00000202005c0d10
Event: 2.442 Thread 0x000002027f4fb800 flushing nmethod 0x00000202005c1210
Event: 2.442 Thread 0x000002027f4fb800 flushing nmethod 0x00000202005c1710
Event: 2.442 Thread 0x000002027f4fb800 flushing nmethod 0x00000202005c1c10
Event: 2.442 Thread 0x000002027f4fb800 flushing nmethod 0x00000202005c2290
Event: 2.442 Thread 0x000002027f4fb800 flushing nmethod 0x00000202005c2710
Event: 2.445 loading class org/netbeans/lib/profiler/wireprotocol/GetMethodNamesForJMethodIdsCommand
Event: 2.445 loading class org/netbeans/lib/profiler/wireprotocol/GetMethodNamesForJMethodIdsCommand done


Dynamic libraries:
0x00007ff6ae6c0000 - 0x00007ff6ae707000 	C:\Program Files\Java\jdk-11.0.3\bin\java.exe
0x00007ff954640000 - 0x00007ff954830000 	C:\WINDOWS\SYSTEM32\ntdll.dll
0x00007ff9533a0000 - 0x00007ff953452000 	C:\WINDOWS\System32\KERNEL32.DLL
0x00007ff951c20000 - 0x00007ff951ec3000 	C:\WINDOWS\System32\KERNELBASE.dll
0x00007ff953900000 - 0x00007ff9539a3000 	C:\WINDOWS\System32\ADVAPI32.dll
0x00007ff952f40000 - 0x00007ff952fde000 	C:\WINDOWS\System32\msvcrt.dll
0x00007ff952920000 - 0x00007ff9529b7000 	C:\WINDOWS\System32\sechost.dll
0x00007ff953610000 - 0x00007ff953730000 	C:\WINDOWS\System32\RPCRT4.dll
0x00007ff952fe0000 - 0x00007ff953173000 	C:\WINDOWS\System32\USER32.dll
0x00007ff9517d0000 - 0x00007ff9517f1000 	C:\WINDOWS\System32\win32u.dll
0x00007ff9538d0000 - 0x00007ff9538f6000 	C:\WINDOWS\System32\GDI32.dll
0x00007ff951a80000 - 0x00007ff951c14000 	C:\WINDOWS\System32\gdi32full.dll
0x00007ff9515d0000 - 0x00007ff95166e000 	C:\WINDOWS\System32\msvcp_win.dll
0x00007ff9516d0000 - 0x00007ff9517ca000 	C:\WINDOWS\System32\ucrtbase.dll
0x00007ff939a40000 - 0x00007ff939cc5000 	C:\WINDOWS\WinSxS\amd64_microsoft.windows.common-controls_6595b64144ccf1df_6.0.18362.356_none_e6c4af7d130f27cc\COMCTL32.dll
0x00007ff94a9d0000 - 0x00007ff94a9da000 	C:\WINDOWS\SYSTEM32\VERSION.dll
0x00007ff9539b0000 - 0x00007ff953ce6000 	C:\WINDOWS\System32\combase.dll
0x00007ff952670000 - 0x00007ff9526f0000 	C:\WINDOWS\System32\bcryptPrimitives.dll
0x00007ff953cf0000 - 0x00007ff953d1e000 	C:\WINDOWS\System32\IMM32.DLL
0x00007ff94d0f0000 - 0x00007ff94d106000 	C:\Program Files\Java\jdk-11.0.3\bin\vcruntime140.dll
0x00007ff917bb0000 - 0x00007ff917c5a000 	C:\Program Files\Java\jdk-11.0.3\bin\msvcp140.dll
0x00007ff8ec6f0000 - 0x00007ff8ed217000 	C:\Program Files\Java\jdk-11.0.3\bin\server\jvm.dll
0x00007ff953d90000 - 0x00007ff953d98000 	C:\WINDOWS\System32\PSAPI.DLL
0x00007ff93c4e0000 - 0x00007ff93c504000 	C:\WINDOWS\SYSTEM32\WINMM.dll
0x00007ff94c9c0000 - 0x00007ff94c9c9000 	C:\WINDOWS\SYSTEM32\WSOCK32.dll
0x00007ff953d20000 - 0x00007ff953d8f000 	C:\WINDOWS\System32\WS2_32.dll
0x00007ff93c4b0000 - 0x00007ff93c4dd000 	C:\WINDOWS\SYSTEM32\winmmbase.dll
0x00007ff9518b0000 - 0x00007ff9518fa000 	C:\WINDOWS\System32\cfgmgr32.dll
0x00007ff951520000 - 0x00007ff951531000 	C:\WINDOWS\System32\kernel.appcore.dll
0x00007ff92bff0000 - 0x00007ff92c001000 	C:\Program Files\Java\jdk-11.0.3\bin\verify.dll
0x00007ff93ab40000 - 0x00007ff93ad34000 	C:\WINDOWS\SYSTEM32\DBGHELP.DLL
0x00007ff93ab10000 - 0x00007ff93ab3a000 	C:\WINDOWS\SYSTEM32\dbgcore.DLL
0x00007ff92e1b0000 - 0x00007ff92e1d9000 	C:\Program Files\Java\jdk-11.0.3\bin\java.dll
0x00007ff94dc90000 - 0x00007ff94dc9f000 	C:\Users\Lulac\Documents\netbeans\profiler\lib\deployed\jdk16\windows-amd64\profilerinterface.dll
0x00007ff9298e0000 - 0x00007ff9298f6000 	C:\Program Files\Java\jdk-11.0.3\bin\zip.dll
0x00007ff940250000 - 0x00007ff94025a000 	C:\Program Files\Java\jdk-11.0.3\bin\jimage.dll
0x00007ff953f10000 - 0x00007ff9545f5000 	C:\WINDOWS\System32\SHELL32.dll
0x00007ff953180000 - 0x00007ff953229000 	C:\WINDOWS\System32\shcore.dll
0x00007ff951ed0000 - 0x00007ff95264e000 	C:\WINDOWS\System32\windows.storage.dll
0x00007ff951560000 - 0x00007ff95157f000 	C:\WINDOWS\System32\profapi.dll
0x00007ff951580000 - 0x00007ff9515ca000 	C:\WINDOWS\System32\powrprof.dll
0x00007ff951510000 - 0x00007ff951520000 	C:\WINDOWS\System32\UMPDC.dll
0x00007ff953870000 - 0x00007ff9538c2000 	C:\WINDOWS\System32\shlwapi.dll
0x00007ff952650000 - 0x00007ff952667000 	C:\WINDOWS\System32\cryptsp.dll
0x00007ff91f3b0000 - 0x00007ff91f3c9000 	C:\Program Files\Java\jdk-11.0.3\bin\net.dll
0x00007ff9485d0000 - 0x00007ff9486c0000 	C:\WINDOWS\SYSTEM32\WINHTTP.dll
0x00007ff9459e0000 - 0x00007ff945bb6000 	C:\WINDOWS\SYSTEM32\urlmon.dll
0x00007ff945270000 - 0x00007ff945516000 	C:\WINDOWS\SYSTEM32\iertutil.dll
0x00007ff950f50000 - 0x00007ff950f5c000 	C:\WINDOWS\SYSTEM32\CRYPTBASE.DLL
0x00007ff950d80000 - 0x00007ff950de7000 	C:\WINDOWS\system32\mswsock.dll
0x00007ff91cbf0000 - 0x00007ff91cc03000 	C:\Program Files\Java\jdk-11.0.3\bin\nio.dll
0x00007ff929910000 - 0x00007ff929919000 	C:\Program Files\Java\jdk-11.0.3\bin\management.dll
0x00007ff929900000 - 0x00007ff92990c000 	C:\Program Files\Java\jdk-11.0.3\bin\management_ext.dll
0x00007ff9508f0000 - 0x00007ff950923000 	C:\WINDOWS\system32\rsaenh.dll
0x00007ff951900000 - 0x00007ff951926000 	C:\WINDOWS\System32\bcrypt.dll
0x00007ff951430000 - 0x00007ff951455000 	C:\WINDOWS\SYSTEM32\USERENV.dll
0x00007ff950a90000 - 0x00007ff950aca000 	C:\WINDOWS\SYSTEM32\IPHLPAPI.DLL
0x00007ff952910000 - 0x00007ff952918000 	C:\WINDOWS\System32\NSI.dll
0x00007ff949e30000 - 0x00007ff949e46000 	C:\WINDOWS\SYSTEM32\dhcpcsvc6.DLL
0x00007ff94a090000 - 0x00007ff94a0ac000 	C:\WINDOWS\SYSTEM32\dhcpcsvc.DLL
0x00007ff950ad0000 - 0x00007ff950b9a000 	C:\WINDOWS\SYSTEM32\DNSAPI.dll
0x00007ff9078c0000 - 0x00007ff907a5f000 	C:\Program Files\Java\jdk-11.0.3\bin\awt.dll
0x00007ff952840000 - 0x00007ff952904000 	C:\WINDOWS\System32\OLEAUT32.dll
0x00007ff94e3b0000 - 0x00007ff94e970000 	C:\WINDOWS\SYSTEM32\d2d1.dll
0x00007ff94f790000 - 0x00007ff94f81f000 	C:\WINDOWS\SYSTEM32\apphelp.dll
0x00007ff94f840000 - 0x00007ff94f8d9000 	C:\WINDOWS\system32\uxtheme.dll
0x00007ff953730000 - 0x00007ff953865000 	C:\WINDOWS\System32\MSCTF.dll
0x00007ff953230000 - 0x00007ff953386000 	C:\WINDOWS\System32\ole32.dll
0x00007ff94fcb0000 - 0x00007ff94fcdd000 	C:\WINDOWS\system32\DWMAPI.DLL
0x00007ff91a0a0000 - 0x00007ff91a1f6000 	C:\WINDOWS\system32\opengl32.dll
0x00007ff91a070000 - 0x00007ff91a09c000 	C:\WINDOWS\SYSTEM32\GLU32.dll
0x00007ff950180000 - 0x00007ff9501a0000 	C:\WINDOWS\SYSTEM32\dxcore.dll
0x00007ff907f40000 - 0x00007ff907fc0000 	C:\Program Files\Java\jdk-11.0.3\bin\freetype.dll
0x00007ff907770000 - 0x00007ff9077df000 	C:\Program Files\Java\jdk-11.0.3\bin\fontmanager.dll

dbghelp: loaded successfully - version: 4.0.5 - missing functions: none
symbol engine: initialized successfully - sym options: 0x614 - pdb path: .;C:\Program Files\Java\jdk-11.0.3\bin;C:\WINDOWS\SYSTEM32;C:\WINDOWS\WinSxS\amd64_microsoft.windows.common-controls_6595b64144ccf1df_6.0.18362.356_none_e6c4af7d130f27cc;C:\Program Files\Java\jdk-11.0.3\bin\server;C:\Users\Lulac\Documents\netbeans\profiler\lib\deployed\jdk16\windows-amd64

VM Arguments:
jvm_args: -Dfile.encoding=UTF-8 -agentpath:C:/Users/Lulac/Documents/netbeans/profiler/lib/deployed/jdk16/windows-amd64/profilerinterface.dll=C:\Users\Lulac\Documents\netbeans\profiler\lib,5140,10 -XX:+HeapDumpOnOutOfMemoryError -XX:HeapDumpPath=C:\Users\Lulac\Documents\NetBeansProjects\Versiones del programa\RexsExpo27-09\REXS\nbproject\private\profiler 
java_command: rexsdesktop.RexsDesktop
java_class_path (initial): C:\Users\Lulac\Documents\netbeans\java\modules\ext\AbsoluteLayout.jar;C:\Users\Lulac\Documents\NetBeansProjects\Versiones del programa\RexsExpo27-09\REXS\src\librerias\activation.jar;C:\Users\Lulac\Documents\NetBeansProjects\Versiones del programa\RexsExpo27-09\REXS\src\librerias\commons-beanutils-1.8.0.jar;C:\Users\Lulac\Documents\NetBeansProjects\Versiones del programa\RexsExpo27-09\REXS\src\librerias\commons-collections-2.1.1.jar;C:\Users\Lulac\Documents\NetBeansProjects\Versiones del programa\RexsExpo27-09\REXS\src\librerias\commons-digester-2.1.jar;C:\Users\Lulac\Documents\NetBeansProjects\Versiones del programa\RexsExpo27-09\REXS\src\librerias\commons-javaflow-20060411.jar;C:\Users\Lulac\Documents\NetBeansProjects\Versiones del programa\RexsExpo27-09\REXS\src\librerias\commons-logging-1.1.1.jar;C:\Users\Lulac\Documents\NetBeansProjects\Versiones del programa\RexsExpo27-09\REXS\src\librerias\groovy-all-1.7.5.jar;C:\Users\Lulac\Documents\NetBeansProjects\Versiones del programa\RexsExpo27-09\REXS\src\librerias\hamcrest-core-1.3.jar;C:\Users\Lulac\Documents\NetBeansProjects\Versiones del programa\RexsExpo27-09\REXS\src\librerias\iText-2.1.7.jar;C:\Users\Lulac\Documents\NetBeansProjects\Versiones del programa\RexsExpo27-09\REXS\src\librerias\jasperreports-4.6.0.jar;C:\Users\Lulac\Documents\NetBeansProjects\Versiones del programa\RexsExpo27-09\REXS\src\librerias\jcalendar-1.4.jar;C:\Users\Lulac\Documents\NetBeansProjects\Versiones del programa\RexsExpo27-09\REXS\src\librerias\jcommon-1.0.23.jar;C:\Users\Lulac\Documents\NetBeansProjects\Versiones del programa\RexsExpo27-09\REXS\src\librerias\jfreechart-1.0.19-experimental.jar;C:\Users\Lulac\Documents\NetBeansProjects\Versiones del programa\RexsExpo27-09\REXS\src\librerias\jfreechart-1.0.19-swt.jar;C:\Users\Lulac\Documents\NetBeansProjects\Versiones del programa\RexsExpo27-09\REXS\src\librerias\jfreechart-1.0.19.jar;C:\Users\Lulac\Documents\NetBeansProjects\Versiones del programa\RexsExpo2
Launcher Type: SUN_STANDARD

[Global flags]
     intx CICompilerCount                          = 3                                         {product} {ergonomic}
     uint ConcGCThreads                            = 1                                         {product} {ergonomic}
     uint G1ConcRefinementThreads                  = 4                                         {product} {ergonomic}
   size_t G1HeapRegionSize                         = 1048576                                   {product} {ergonomic}
    uintx GCDrainStackTargetSize                   = 64                                        {product} {ergonomic}
     bool HeapDumpOnOutOfMemoryError               = true                                   {manageable} {command line}
    ccstr HeapDumpPath                             = C:\Users\Lulac\Documents\NetBeansProjects\Versiones del programa\RexsExpo27-09\REXS\nbproject\private\profiler         {manageable} {command line}
   size_t InitialHeapSize                          = 134217728                                 {product} {ergonomic}
   size_t MarkStackSize                            = 4194304                                   {product} {ergonomic}
   size_t MaxHeapSize                              = 2122317824                                {product} {ergonomic}
   size_t MaxNewSize                               = 1272971264                                {product} {ergonomic}
   size_t MinHeapDeltaBytes                        = 1048576                                   {product} {ergonomic}
    uintx NonNMethodCodeHeapSize                   = 5830092                                {pd product} {ergonomic}
    uintx NonProfiledCodeHeapSize                  = 122914074                              {pd product} {ergonomic}
    uintx ProfiledCodeHeapSize                     = 122914074                              {pd product} {ergonomic}
    uintx ReservedCodeCacheSize                    = 251658240                              {pd product} {ergonomic}
     bool SegmentedCodeCache                       = true                                      {product} {ergonomic}
     bool UseCompressedClassPointers               = true                                 {lp64_product} {ergonomic}
     bool UseCompressedOops                        = true                                 {lp64_product} {ergonomic}
     bool UseG1GC                                  = true                                      {product} {ergonomic}
     bool UseLargePagesIndividualAllocation        = false                                  {pd product} {ergonomic}

Logging:
Log output configuration:
 #0: stdout all=warning uptime,level,tags
 #1: stderr all=off uptime,level,tags

Environment Variables:
PATH=C:\Program Files\Microsoft MPI\Bin\;C:\WINDOWS\system32;C:\WINDOWS;C:\WINDOWS\System32\Wbem;C:\WINDOWS\System32\WindowsPowerShell\v1.0\;C:\WINDOWS\System32\OpenSSH\;C:\Program Files (x86)\Microsoft SQL Server\Client SDK\ODBC\130\Tools\Binn\;C:\Program Files (x86)\Microsoft SQL Server\140\Tools\Binn\;C:\Program Files (x86)\Microsoft SQL Server\140\DTS\Binn\;C:\Program Files (x86)\Microsoft SQL Server\140\Tools\Binn\ManagementStudio\;C:\Program Files\Microsoft SQL Server\140\Tools\Binn\;C:\Program Files\Microsoft SQL Server\140\DTS\Binn\;C:\Program Files\Microsoft SQL Server\Client SDK\ODBC\130\Tools\Binn\;C:\Program Files\Git\cmd;C:\Program Files\dotnet\;C:\Users\Lulac\AppData\Local\Microsoft\WindowsApps;C:\Users\Lulac\AppData\Local\atom\bin
USERNAME=Lulac
OS=Windows_NT
PROCESSOR_IDENTIFIER=Intel64 Family 6 Model 60 Stepping 3, GenuineIntel



---------------  S Y S T E M  ---------------

OS: Windows 10 , 64 bit Build 18362 (10.0.18362.329)

CPU:total 4 (initial active 4) (2 cores per cpu, 2 threads per core) family 6 model 60 stepping 3, cmov, cx8, fxsr, mmx, sse, sse2, sse3, ssse3, sse4.1, sse4.2, popcnt, avx, avx2, aes, clmul, erms, lzcnt, ht, tsc, tscinvbit, bmi1, bmi2, fma

Memory: 4k page, system-wide physical 8089M (3310M free)
TotalPageFile size 10777M (AvailPageFile size 4963M)
current process WorkingSet (physical memory assigned to process): 103M, peak: 106M
current process commit charge ("private bytes"): 242M, peak: 250M

vm_info: Java HotSpot(TM) 64-Bit Server VM (11.0.3+12-LTS) for windows-amd64 JRE (11.0.3+12-LTS), built on Apr  2 2019 12:43:09 by "mach5one" with MS VC++ 15.5 (VS2017)

END.
