#
# A fatal error has been detected by the Java Runtime Environment:
#
#  EXCEPTION_ACCESS_VIOLATION (0xc0000005) at pc=0x00007ff8eccd71a5, pid=11060, tid=10148
#
# JRE version: Java(TM) SE Runtime Environment (11.0.3+12) (build 11.0.3+12-LTS)
# Java VM: Java HotSpot(TM) 64-Bit Server VM (11.0.3+12-LTS, mixed mode, tiered, compressed oops, g1 gc, windows-amd64)
# Problematic frame:
# V  [jvm.dll+0x5e71a5]
#
# No core dump will be written. Minidumps are not enabled by default on client versions of Windows
#
# If you would like to submit a bug report, please visit:
#   http://bugreport.java.com/bugreport/crash.jsp
#

---------------  S U M M A R Y ------------

Command Line: -Dfile.encoding=UTF-8 -agentpath:C:/Users/Lulac/Documents/netbeans/profiler/lib/deployed/jdk16/windows-amd64/profilerinterface.dll=C:\Users\Lulac\Documents\netbeans\profiler\lib,5140,10 -XX:+HeapDumpOnOutOfMemoryError -XX:HeapDumpPath=C:\Users\Lulac\Documents\NetBeansProjects\Versiones del programa\RexsExpo27-09\REXS\nbproject\private\profiler rexsdesktop.RexsDesktop

Host: Intel(R) Core(TM) i5-4300M CPU @ 2.60GHz, 4 cores, 7G,  Windows 10 , 64 bit Build 18362 (10.0.18362.329)
Time: Fri Sep 27 07:37:10 2019 Hora estándar, América Central elapsed time: 2 seconds (0d 0h 0m 2s)

---------------  T H R E A D  ---------------

Current thread (0x0000019434b73000):  JavaThread "*** Profiler Agent Communication Thread" daemon [_thread_in_vm, id=10148, stack(0x0000007a6ec00000,0x0000007a6ed00000)]

Stack: [0x0000007a6ec00000,0x0000007a6ed00000],  sp=0x0000007a6ecfed10,  free space=1019k
Native frames: (J=compiled Java code, j=interpreted, Vv=VM code, C=native code)
V  [jvm.dll+0x5e71a5]
V  [jvm.dll+0x4a8db0]
C  [profilerinterface.dll+0x34da]

Java frames: (J=compiled Java code, j=interpreted, Vv=VM code)
j  org.netbeans.lib.profiler.server.system.Stacks.getMethodNamesForJMethodIds(I[I[I)[B+0
j  org.netbeans.lib.profiler.server.ProfilerInterface.getMethodNamesForJMethodIds([I)Lorg/netbeans/lib/profiler/wireprotocol/MethodNamesResponse;+20
j  org.netbeans.lib.profiler.server.ProfilerServer.handleClientCommand(Lorg/netbeans/lib/profiler/wireprotocol/Command;)V+691
j  org.netbeans.lib.profiler.server.ProfilerServer.listenToClient()V+48
j  org.netbeans.lib.profiler.server.ProfilerServer.run()V+22
v  ~StubRoutines::call_stub

siginfo: EXCEPTION_ACCESS_VIOLATION (0xc0000005), reading address 0x000000003672b3c8


Register to memory mapping:

RIP=0x00007ff8eccd71a5 jvm.dll
RAX=0x0000007a6ecfed01 is pointing into the stack for thread: 0x0000019434b73000
RBX=0x0000019434b73000 is a thread
RCX=0x000000003672b3c8 is an unknown value
RDX=0x0000019434b73000 is a thread
RSP=0x0000007a6ecfed10 is pointing into the stack for thread: 0x0000019434b73000
RBP=0x000000003672b3c8 is an unknown value
RSI=0x0000019415b43200 points into unknown readable memory: a0 22 0f ed f8 7f 00 00
RDI=0x0000007a6ecfee30 is pointing into the stack for thread: 0x0000019434b73000
R8 =0x0000007a6ecfee30 is pointing into the stack for thread: 0x0000019434b73000
R9 =0x0000000000000001 is an unknown value
R10=0x0 is NULL
R11=0x0000007a6ecfed08 is pointing into the stack for thread: 0x0000019434b73000
R12=0x0000019437bd49e0 points into unknown readable memory: c8 b3 72 36 90 b3 72 36
R13=0x000000000000026a is an unknown value
R14=0x00007ff94dc99c68 profilerinterface.dll
R15=0x00007ff94dc99a60 profilerinterface.dll


Registers:
RAX=0x0000007a6ecfed01, RBX=0x0000019434b73000, RCX=0x000000003672b3c8, RDX=0x0000019434b73000
RSP=0x0000007a6ecfed10, RBP=0x000000003672b3c8, RSI=0x0000019415b43200, RDI=0x0000007a6ecfee30
R8 =0x0000007a6ecfee30, R9 =0x0000000000000001, R10=0x0000000000000000, R11=0x0000007a6ecfed08
R12=0x0000019437bd49e0, R13=0x000000000000026a, R14=0x00007ff94dc99c68, R15=0x00007ff94dc99a60
RIP=0x00007ff8eccd71a5, EFLAGS=0x0000000000010202

Top of Stack: (sp=0x0000007a6ecfed10)
0x0000007a6ecfed10:   0000019434b73000 00007ff8ecad143d
0x0000007a6ecfed20:   0000007a6ecfeee0 0000007a6ecff400
0x0000007a6ecfed30:   0000019434b73000 00007ff8ecb98db0
0x0000007a6ecfed40:   0000019434b73000 0000019434b73000
0x0000007a6ecfed50:   0000019434b73340 00007ff952f59da0
0x0000007a6ecfed60:   0000019434b73000 0000000000000000
0x0000007a6ecfed70:   0000000000000000 0000000000000000
0x0000007a6ecfed80:   000000003672b3c8 00007ff94dc934da
0x0000007a6ecfed90:   0000019434b73000 0000000000000000
0x0000007a6ecfeda0:   0000019434b73340 0000000000200021
0x0000007a6ecfedb0:   0000019437bd49e0 00007ff8eca7a323
0x0000007a6ecfedc0:   0000007a6ecff400 0000000000200021
0x0000007a6ecfedd0:   0000000000200021 000001941decbae5
0x0000007a6ecfede0:   0000019435d3bc48 0000019434b73000
0x0000007a6ecfedf0:   0000019434b73000 0000019435d3bc48
0x0000007a6ecfee00:   0000000000000000 000001941de89840 

Instructions: (pc=0x00007ff8eccd71a5)
0x00007ff8eccd7185:   cc cc cc cc cc cc cc cc cc cc cc 48 83 ec 28 48
0x00007ff8eccd7195:   85 c9 75 07 33 c0 48 83 c4 28 c3 48 89 5c 24 20
0x00007ff8eccd71a5:   48 8b 19 48 85 db 74 20 48 83 fb 37 74 1a 48 8b
0x00007ff8eccd71b5:   13 48 8b cb ff 52 10 84 c0 74 0d 48 8b c3 48 8b 


Stack slot to memory mapping:
stack at sp + 0 slots: 0x0000019434b73000 is a thread
stack at sp + 1 slots: 0x00007ff8ecad143d jvm.dll
stack at sp + 2 slots: 0x0000007a6ecfeee0 is pointing into the stack for thread: 0x0000019434b73000
stack at sp + 3 slots: 0x0000007a6ecff400 is pointing into the stack for thread: 0x0000019434b73000
stack at sp + 4 slots: 0x0000019434b73000 is a thread
stack at sp + 5 slots: 0x00007ff8ecb98db0 jvm.dll
stack at sp + 6 slots: 0x0000019434b73000 is a thread
stack at sp + 7 slots: 0x0000019434b73000 is a thread


---------------  P R O C E S S  ---------------

Threads class SMR info:
_java_thread_list=0x00000194365f9f30, length=20, elements={
0x0000019433eb9800, 0x0000019433ec2800, 0x0000019434852800, 0x0000019433ecf000,
0x0000019433ed2000, 0x0000019433ee3800, 0x0000019433ee5000, 0x00000194349b7800,
0x0000019434b73000, 0x0000019434bbb800, 0x0000019434fd5800, 0x000001943524b800,
0x000001943524b000, 0x0000019435326800, 0x00000194356dc000, 0x00000194364f0800,
0x0000019435615000, 0x00000194356e0800, 0x0000019415b4b800, 0x0000019435599800
}

Java Threads: ( => current thread )
  0x0000019433eb9800 JavaThread "Reference Handler" daemon [_thread_blocked, id=2284, stack(0x0000007a6e300000,0x0000007a6e400000)]
  0x0000019433ec2800 JavaThread "Finalizer" daemon [_thread_blocked, id=10384, stack(0x0000007a6e400000,0x0000007a6e500000)]
  0x0000019434852800 JavaThread "Signal Dispatcher" daemon [_thread_blocked, id=13660, stack(0x0000007a6e500000,0x0000007a6e600000)]
  0x0000019433ecf000 JavaThread "Attach Listener" daemon [_thread_blocked, id=9584, stack(0x0000007a6e600000,0x0000007a6e700000)]
  0x0000019433ed2000 JavaThread "C2 CompilerThread0" daemon [_thread_blocked, id=1552, stack(0x0000007a6e700000,0x0000007a6e800000)]
  0x0000019433ee3800 JavaThread "C1 CompilerThread0" daemon [_thread_blocked, id=7612, stack(0x0000007a6e800000,0x0000007a6e900000)]
  0x0000019433ee5000 JavaThread "Sweeper thread" daemon [_thread_blocked, id=13296, stack(0x0000007a6e900000,0x0000007a6ea00000)]
  0x00000194349b7800 JavaThread "Common-Cleaner" daemon [_thread_blocked, id=1032, stack(0x0000007a6ea00000,0x0000007a6eb00000)]
=>0x0000019434b73000 JavaThread "*** Profiler Agent Communication Thread" daemon [_thread_in_vm, id=10148, stack(0x0000007a6ec00000,0x0000007a6ed00000)]
  0x0000019434bbb800 JavaThread "*** JFluid Monitor thread ***" daemon [_thread_blocked, id=14112, stack(0x0000007a6eb00000,0x0000007a6ec00000)]
  0x0000019434fd5800 JavaThread "*** Profiler Agent Special Execution Thread 6" daemon [_thread_blocked, id=5288, stack(0x0000007a6ed00000,0x0000007a6ee00000)]
  0x000001943524b800 JavaThread "*** Profiler Agent Special Execution Thread 10" daemon [_thread_blocked, id=10536, stack(0x0000007a6ef00000,0x0000007a6f000000)]
  0x000001943524b000 JavaThread "Service Thread" daemon [_thread_blocked, id=12364, stack(0x0000007a6ee00000,0x0000007a6ef00000)]
  0x0000019435326800 JavaThread "Java2D Disposer" daemon [_thread_blocked, id=12424, stack(0x0000007a6f100000,0x0000007a6f200000)]
  0x00000194356dc000 JavaThread "AWT-Shutdown" [_thread_blocked, id=9460, stack(0x0000007a6f200000,0x0000007a6f300000)]
  0x00000194364f0800 JavaThread "AWT-Windows" daemon [_thread_in_native, id=13756, stack(0x0000007a6f300000,0x0000007a6f400000)]
  0x0000019435615000 JavaThread "C2 CompilerThread1" daemon [_thread_blocked, id=10064, stack(0x0000007a6f400000,0x0000007a6f500000)]
  0x00000194356e0800 JavaThread "AWT-EventQueue-0" [_thread_blocked, id=13704, stack(0x0000007a6f500000,0x0000007a6f600000)]
  0x0000019415b4b800 JavaThread "DestroyJavaVM" [_thread_blocked, id=2156, stack(0x0000007a6dc00000,0x0000007a6dd00000)]
  0x0000019435599800 JavaThread "Image Fetcher 0" daemon [_thread_blocked, id=13856, stack(0x0000007a6fb00000,0x0000007a6fc00000)]

Other Threads:
  0x0000019433e93000 VMThread "VM Thread" [stack: 0x0000007a6e200000,0x0000007a6e300000] [id=10200]
  0x000001943524c800 WatcherThread [stack: 0x0000007a6f000000,0x0000007a6f100000] [id=3132]
  0x0000019415b64000 GCTaskThread "GC Thread#0" [stack: 0x0000007a6dd00000,0x0000007a6de00000] [id=4748]
  0x0000019436709000 GCTaskThread "GC Thread#1" [stack: 0x0000007a6f600000,0x0000007a6f700000] [id=13348]
  0x0000019436a3b000 GCTaskThread "GC Thread#2" [stack: 0x0000007a6f700000,0x0000007a6f800000] [id=13964]
  0x0000019436a3c000 GCTaskThread "GC Thread#3" [stack: 0x0000007a6f800000,0x0000007a6f900000] [id=11068]
  0x0000019415b93000 ConcurrentGCThread "G1 Main Marker" [stack: 0x0000007a6de00000,0x0000007a6df00000] [id=13120]
  0x0000019415b95800 ConcurrentGCThread "G1 Conc#0" [stack: 0x0000007a6df00000,0x0000007a6e000000] [id=6760]
  0x0000019433d00800 ConcurrentGCThread "G1 Refine#0" [stack: 0x0000007a6e000000,0x0000007a6e100000] [id=10848]
  0x00000194353ab800 ConcurrentGCThread "G1 Refine#1" [stack: 0x0000007a6f900000,0x0000007a6fa00000] [id=7468]
  0x00000194366e1000 ConcurrentGCThread "G1 Refine#2" [stack: 0x0000007a6fa00000,0x0000007a6fb00000] [id=14004]
  0x0000019433d01800 ConcurrentGCThread "G1 Young RemSet Sampling" [stack: 0x0000007a6e100000,0x0000007a6e200000] [id=6416]

Threads with active compile tasks:
C2 CompilerThread01501       4       java.util.HashMap$HashIterator::nextNode (100 bytes)

VM state:synchronizing (normal execution)

VM Mutex/Monitor currently owned by a thread:  ([mutex/lock_event])
[0x0000019415b48280] Threads_lock - owner thread: 0x0000019433e93000

Heap address: 0x0000000081800000, size: 2024 MB, Compressed Oops mode: 32-bit
Narrow klass base: 0x0000000000000000, Narrow klass shift: 3
Compressed class space size: 1073741824 Address: 0x0000000100000000

Heap:
 garbage-first heap   total 131072K, used 10161K [0x0000000081800000, 0x0000000100000000)
  region size 1024K, 5 young (5120K), 1 survivors (1024K)
 Metaspace       used 20498K, capacity 20996K, committed 21248K, reserved 1069056K
  class space    used 2186K, capacity 2434K, committed 2560K, reserved 1048576K
Heap Regions: E=young(eden), S=young(survivor), O=old, HS=humongous(starts), HC=humongous(continues), CS=collection set, F=free, A=archive, TAMS=top-at-mark-start (previous, next)
|   0|0x0000000081800000, 0x0000000081900000, 0x0000000081900000|100%|HS|  |TAMS 0x0000000081800000, 0x0000000081800000| Complete 
|   1|0x0000000081900000, 0x0000000081a00000, 0x0000000081a00000|100%|HC|  |TAMS 0x0000000081900000, 0x0000000081900000| Complete 
|   2|0x0000000081a00000, 0x0000000081b00000, 0x0000000081b00000|100%| O|  |TAMS 0x0000000081a00000, 0x0000000081a00000| Untracked 
|   3|0x0000000081b00000, 0x0000000081c00000, 0x0000000081c00000|100%| O|  |TAMS 0x0000000081b00000, 0x0000000081b00000| Untracked 
|   4|0x0000000081c00000, 0x0000000081d00000, 0x0000000081d00000|100%| O|  |TAMS 0x0000000081c00000, 0x0000000081c00000| Untracked 
|   5|0x0000000081d00000, 0x0000000081e00000, 0x0000000081e00000|100%| O|  |TAMS 0x0000000081d00000, 0x0000000081d00000| Untracked 
|   6|0x0000000081e00000, 0x0000000081e18e00, 0x0000000081f00000|  9%| O|  |TAMS 0x0000000081e00000, 0x0000000081e00000| Untracked 
|   7|0x0000000081f00000, 0x0000000081f00000, 0x0000000082000000|  0%| F|  |TAMS 0x0000000081f00000, 0x0000000081f00000| Untracked 
|   8|0x0000000082000000, 0x0000000082000000, 0x0000000082100000|  0%| F|  |TAMS 0x0000000082000000, 0x0000000082000000| Untracked 
|   9|0x0000000082100000, 0x0000000082100000, 0x0000000082200000|  0%| F|  |TAMS 0x0000000082100000, 0x0000000082100000| Untracked 
|  10|0x0000000082200000, 0x0000000082200000, 0x0000000082300000|  0%| F|  |TAMS 0x0000000082200000, 0x0000000082200000| Untracked 
|  11|0x0000000082300000, 0x0000000082300000, 0x0000000082400000|  0%| F|  |TAMS 0x0000000082300000, 0x0000000082300000| Untracked 
|  12|0x0000000082400000, 0x0000000082400000, 0x0000000082500000|  0%| F|  |TAMS 0x0000000082400000, 0x0000000082400000| Untracked 
|  13|0x0000000082500000, 0x0000000082500000, 0x0000000082600000|  0%| F|  |TAMS 0x0000000082500000, 0x0000000082500000| Untracked 
|  14|0x0000000082600000, 0x0000000082600000, 0x0000000082700000|  0%| F|  |TAMS 0x0000000082600000, 0x0000000082600000| Untracked 
|  15|0x0000000082700000, 0x0000000082700000, 0x0000000082800000|  0%| F|  |TAMS 0x0000000082700000, 0x0000000082700000| Untracked 
|  16|0x0000000082800000, 0x0000000082800000, 0x0000000082900000|  0%| F|  |TAMS 0x0000000082800000, 0x0000000082800000| Untracked 
|  17|0x0000000082900000, 0x0000000082900000, 0x0000000082a00000|  0%| F|  |TAMS 0x0000000082900000, 0x0000000082900000| Untracked 
|  18|0x0000000082a00000, 0x0000000082a00000, 0x0000000082b00000|  0%| F|  |TAMS 0x0000000082a00000, 0x0000000082a00000| Untracked 
|  19|0x0000000082b00000, 0x0000000082b00000, 0x0000000082c00000|  0%| F|  |TAMS 0x0000000082b00000, 0x0000000082b00000| Untracked 
|  20|0x0000000082c00000, 0x0000000082c00000, 0x0000000082d00000|  0%| F|  |TAMS 0x0000000082c00000, 0x0000000082c00000| Untracked 
|  21|0x0000000082d00000, 0x0000000082d00000, 0x0000000082e00000|  0%| F|  |TAMS 0x0000000082d00000, 0x0000000082d00000| Untracked 
|  22|0x0000000082e00000, 0x0000000082e00000, 0x0000000082f00000|  0%| F|  |TAMS 0x0000000082e00000, 0x0000000082e00000| Untracked 
|  23|0x0000000082f00000, 0x0000000082f00000, 0x0000000083000000|  0%| F|  |TAMS 0x0000000082f00000, 0x0000000082f00000| Untracked 
|  24|0x0000000083000000, 0x0000000083000000, 0x0000000083100000|  0%| F|  |TAMS 0x0000000083000000, 0x0000000083000000| Untracked 
|  25|0x0000000083100000, 0x0000000083100000, 0x0000000083200000|  0%| F|  |TAMS 0x0000000083100000, 0x0000000083100000| Untracked 
|  26|0x0000000083200000, 0x0000000083200000, 0x0000000083300000|  0%| F|  |TAMS 0x0000000083200000, 0x0000000083200000| Untracked 
|  27|0x0000000083300000, 0x0000000083300000, 0x0000000083400000|  0%| F|  |TAMS 0x0000000083300000, 0x0000000083300000| Untracked 
|  28|0x0000000083400000, 0x0000000083400000, 0x0000000083500000|  0%| F|  |TAMS 0x0000000083400000, 0x0000000083400000| Untracked 
|  29|0x0000000083500000, 0x0000000083500000, 0x0000000083600000|  0%| F|  |TAMS 0x0000000083500000, 0x0000000083500000| Untracked 
|  30|0x0000000083600000, 0x0000000083600000, 0x0000000083700000|  0%| F|  |TAMS 0x0000000083600000, 0x0000000083600000| Untracked 
|  31|0x0000000083700000, 0x0000000083700000, 0x0000000083800000|  0%| F|  |TAMS 0x0000000083700000, 0x0000000083700000| Untracked 
|  32|0x0000000083800000, 0x0000000083800000, 0x0000000083900000|  0%| F|  |TAMS 0x0000000083800000, 0x0000000083800000| Untracked 
|  33|0x0000000083900000, 0x0000000083900000, 0x0000000083a00000|  0%| F|  |TAMS 0x0000000083900000, 0x0000000083900000| Untracked 
|  34|0x0000000083a00000, 0x0000000083a00000, 0x0000000083b00000|  0%| F|  |TAMS 0x0000000083a00000, 0x0000000083a00000| Untracked 
|  35|0x0000000083b00000, 0x0000000083b00000, 0x0000000083c00000|  0%| F|  |TAMS 0x0000000083b00000, 0x0000000083b00000| Untracked 
|  36|0x0000000083c00000, 0x0000000083c00000, 0x0000000083d00000|  0%| F|  |TAMS 0x0000000083c00000, 0x0000000083c00000| Untracked 
|  37|0x0000000083d00000, 0x0000000083d00000, 0x0000000083e00000|  0%| F|  |TAMS 0x0000000083d00000, 0x0000000083d00000| Untracked 
|  38|0x0000000083e00000, 0x0000000083e00000, 0x0000000083f00000|  0%| F|  |TAMS 0x0000000083e00000, 0x0000000083e00000| Untracked 
|  39|0x0000000083f00000, 0x0000000083f00000, 0x0000000084000000|  0%| F|  |TAMS 0x0000000083f00000, 0x0000000083f00000| Untracked 
|  40|0x0000000084000000, 0x0000000084000000, 0x0000000084100000|  0%| F|  |TAMS 0x0000000084000000, 0x0000000084000000| Untracked 
|  41|0x0000000084100000, 0x0000000084100000, 0x0000000084200000|  0%| F|  |TAMS 0x0000000084100000, 0x0000000084100000| Untracked 
|  42|0x0000000084200000, 0x0000000084200000, 0x0000000084300000|  0%| F|  |TAMS 0x0000000084200000, 0x0000000084200000| Untracked 
|  43|0x0000000084300000, 0x0000000084300000, 0x0000000084400000|  0%| F|  |TAMS 0x0000000084300000, 0x0000000084300000| Untracked 
|  44|0x0000000084400000, 0x0000000084400000, 0x0000000084500000|  0%| F|  |TAMS 0x0000000084400000, 0x0000000084400000| Untracked 
|  45|0x0000000084500000, 0x0000000084500000, 0x0000000084600000|  0%| F|  |TAMS 0x0000000084500000, 0x0000000084500000| Untracked 
|  46|0x0000000084600000, 0x0000000084600000, 0x0000000084700000|  0%| F|  |TAMS 0x0000000084600000, 0x0000000084600000| Untracked 
|  47|0x0000000084700000, 0x0000000084700000, 0x0000000084800000|  0%| F|  |TAMS 0x0000000084700000, 0x0000000084700000| Untracked 
|  48|0x0000000084800000, 0x0000000084800000, 0x0000000084900000|  0%| F|  |TAMS 0x0000000084800000, 0x0000000084800000| Untracked 
|  49|0x0000000084900000, 0x0000000084900000, 0x0000000084a00000|  0%| F|  |TAMS 0x0000000084900000, 0x0000000084900000| Untracked 
|  50|0x0000000084a00000, 0x0000000084a00000, 0x0000000084b00000|  0%| F|  |TAMS 0x0000000084a00000, 0x0000000084a00000| Untracked 
|  51|0x0000000084b00000, 0x0000000084b00000, 0x0000000084c00000|  0%| F|  |TAMS 0x0000000084b00000, 0x0000000084b00000| Untracked 
|  52|0x0000000084c00000, 0x0000000084c00000, 0x0000000084d00000|  0%| F|  |TAMS 0x0000000084c00000, 0x0000000084c00000| Untracked 
|  53|0x0000000084d00000, 0x0000000084d00000, 0x0000000084e00000|  0%| F|  |TAMS 0x0000000084d00000, 0x0000000084d00000| Untracked 
|  54|0x0000000084e00000, 0x0000000084e00000, 0x0000000084f00000|  0%| F|  |TAMS 0x0000000084e00000, 0x0000000084e00000| Untracked 
|  55|0x0000000084f00000, 0x0000000084f00000, 0x0000000085000000|  0%| F|  |TAMS 0x0000000084f00000, 0x0000000084f00000| Untracked 
|  56|0x0000000085000000, 0x0000000085000000, 0x0000000085100000|  0%| F|  |TAMS 0x0000000085000000, 0x0000000085000000| Untracked 
|  57|0x0000000085100000, 0x0000000085100000, 0x0000000085200000|  0%| F|  |TAMS 0x0000000085100000, 0x0000000085100000| Untracked 
|  58|0x0000000085200000, 0x0000000085200000, 0x0000000085300000|  0%| F|  |TAMS 0x0000000085200000, 0x0000000085200000| Untracked 
|  59|0x0000000085300000, 0x0000000085300000, 0x0000000085400000|  0%| F|  |TAMS 0x0000000085300000, 0x0000000085300000| Untracked 
|  60|0x0000000085400000, 0x0000000085400000, 0x0000000085500000|  0%| F|  |TAMS 0x0000000085400000, 0x0000000085400000| Untracked 
|  61|0x0000000085500000, 0x0000000085500000, 0x0000000085600000|  0%| F|  |TAMS 0x0000000085500000, 0x0000000085500000| Untracked 
|  62|0x0000000085600000, 0x0000000085600000, 0x0000000085700000|  0%| F|  |TAMS 0x0000000085600000, 0x0000000085600000| Untracked 
|  63|0x0000000085700000, 0x0000000085700000, 0x0000000085800000|  0%| F|  |TAMS 0x0000000085700000, 0x0000000085700000| Untracked 
|  64|0x0000000085800000, 0x0000000085800000, 0x0000000085900000|  0%| F|  |TAMS 0x0000000085800000, 0x0000000085800000| Untracked 
|  65|0x0000000085900000, 0x0000000085900000, 0x0000000085a00000|  0%| F|  |TAMS 0x0000000085900000, 0x0000000085900000| Untracked 
|  66|0x0000000085a00000, 0x0000000085a00000, 0x0000000085b00000|  0%| F|  |TAMS 0x0000000085a00000, 0x0000000085a00000| Untracked 
|  67|0x0000000085b00000, 0x0000000085b00000, 0x0000000085c00000|  0%| F|  |TAMS 0x0000000085b00000, 0x0000000085b00000| Untracked 
|  68|0x0000000085c00000, 0x0000000085c00000, 0x0000000085d00000|  0%| F|  |TAMS 0x0000000085c00000, 0x0000000085c00000| Untracked 
|  69|0x0000000085d00000, 0x0000000085d00000, 0x0000000085e00000|  0%| F|  |TAMS 0x0000000085d00000, 0x0000000085d00000| Untracked 
|  70|0x0000000085e00000, 0x0000000085e00000, 0x0000000085f00000|  0%| F|  |TAMS 0x0000000085e00000, 0x0000000085e00000| Untracked 
|  71|0x0000000085f00000, 0x0000000085f00000, 0x0000000086000000|  0%| F|  |TAMS 0x0000000085f00000, 0x0000000085f00000| Untracked 
|  72|0x0000000086000000, 0x0000000086000000, 0x0000000086100000|  0%| F|  |TAMS 0x0000000086000000, 0x0000000086000000| Untracked 
|  73|0x0000000086100000, 0x0000000086100000, 0x0000000086200000|  0%| F|  |TAMS 0x0000000086100000, 0x0000000086100000| Untracked 
|  74|0x0000000086200000, 0x0000000086200000, 0x0000000086300000|  0%| F|  |TAMS 0x0000000086200000, 0x0000000086200000| Untracked 
|  75|0x0000000086300000, 0x0000000086300000, 0x0000000086400000|  0%| F|  |TAMS 0x0000000086300000, 0x0000000086300000| Untracked 
|  76|0x0000000086400000, 0x0000000086400000, 0x0000000086500000|  0%| F|  |TAMS 0x0000000086400000, 0x0000000086400000| Untracked 
|  77|0x0000000086500000, 0x0000000086500000, 0x0000000086600000|  0%| F|  |TAMS 0x0000000086500000, 0x0000000086500000| Untracked 
|  78|0x0000000086600000, 0x0000000086600000, 0x0000000086700000|  0%| F|  |TAMS 0x0000000086600000, 0x0000000086600000| Untracked 
|  79|0x0000000086700000, 0x0000000086700000, 0x0000000086800000|  0%| F|  |TAMS 0x0000000086700000, 0x0000000086700000| Untracked 
|  80|0x0000000086800000, 0x0000000086800000, 0x0000000086900000|  0%| F|  |TAMS 0x0000000086800000, 0x0000000086800000| Untracked 
|  81|0x0000000086900000, 0x0000000086900000, 0x0000000086a00000|  0%| F|  |TAMS 0x0000000086900000, 0x0000000086900000| Untracked 
|  82|0x0000000086a00000, 0x0000000086a00000, 0x0000000086b00000|  0%| F|  |TAMS 0x0000000086a00000, 0x0000000086a00000| Untracked 
|  83|0x0000000086b00000, 0x0000000086b00000, 0x0000000086c00000|  0%| F|  |TAMS 0x0000000086b00000, 0x0000000086b00000| Untracked 
|  84|0x0000000086c00000, 0x0000000086c00000, 0x0000000086d00000|  0%| F|  |TAMS 0x0000000086c00000, 0x0000000086c00000| Untracked 
|  85|0x0000000086d00000, 0x0000000086d00000, 0x0000000086e00000|  0%| F|  |TAMS 0x0000000086d00000, 0x0000000086d00000| Untracked 
|  86|0x0000000086e00000, 0x0000000086e00000, 0x0000000086f00000|  0%| F|  |TAMS 0x0000000086e00000, 0x0000000086e00000| Untracked 
|  87|0x0000000086f00000, 0x0000000086f00000, 0x0000000087000000|  0%| F|  |TAMS 0x0000000086f00000, 0x0000000086f00000| Untracked 
|  88|0x0000000087000000, 0x0000000087000000, 0x0000000087100000|  0%| F|  |TAMS 0x0000000087000000, 0x0000000087000000| Untracked 
|  89|0x0000000087100000, 0x0000000087100000, 0x0000000087200000|  0%| F|  |TAMS 0x0000000087100000, 0x0000000087100000| Untracked 
|  90|0x0000000087200000, 0x0000000087200000, 0x0000000087300000|  0%| F|  |TAMS 0x0000000087200000, 0x0000000087200000| Untracked 
|  91|0x0000000087300000, 0x0000000087300000, 0x0000000087400000|  0%| F|  |TAMS 0x0000000087300000, 0x0000000087300000| Untracked 
|  92|0x0000000087400000, 0x0000000087400000, 0x0000000087500000|  0%| F|  |TAMS 0x0000000087400000, 0x0000000087400000| Untracked 
|  93|0x0000000087500000, 0x0000000087500000, 0x0000000087600000|  0%| F|  |TAMS 0x0000000087500000, 0x0000000087500000| Untracked 
|  94|0x0000000087600000, 0x0000000087600000, 0x0000000087700000|  0%| F|  |TAMS 0x0000000087600000, 0x0000000087600000| Untracked 
|  95|0x0000000087700000, 0x0000000087700000, 0x0000000087800000|  0%| F|  |TAMS 0x0000000087700000, 0x0000000087700000| Untracked 
|  96|0x0000000087800000, 0x0000000087800000, 0x0000000087900000|  0%| F|  |TAMS 0x0000000087800000, 0x0000000087800000| Untracked 
|  97|0x0000000087900000, 0x0000000087900000, 0x0000000087a00000|  0%| F|  |TAMS 0x0000000087900000, 0x0000000087900000| Untracked 
|  98|0x0000000087a00000, 0x0000000087a00000, 0x0000000087b00000|  0%| F|  |TAMS 0x0000000087a00000, 0x0000000087a00000| Untracked 
|  99|0x0000000087b00000, 0x0000000087b00000, 0x0000000087c00000|  0%| F|  |TAMS 0x0000000087b00000, 0x0000000087b00000| Untracked 
| 100|0x0000000087c00000, 0x0000000087c00000, 0x0000000087d00000|  0%| F|  |TAMS 0x0000000087c00000, 0x0000000087c00000| Untracked 
| 101|0x0000000087d00000, 0x0000000087d00000, 0x0000000087e00000|  0%| F|  |TAMS 0x0000000087d00000, 0x0000000087d00000| Untracked 
| 102|0x0000000087e00000, 0x0000000087e00000, 0x0000000087f00000|  0%| F|  |TAMS 0x0000000087e00000, 0x0000000087e00000| Untracked 
| 103|0x0000000087f00000, 0x0000000087f00000, 0x0000000088000000|  0%| F|  |TAMS 0x0000000087f00000, 0x0000000087f00000| Untracked 
| 104|0x0000000088000000, 0x0000000088000000, 0x0000000088100000|  0%| F|  |TAMS 0x0000000088000000, 0x0000000088000000| Untracked 
| 105|0x0000000088100000, 0x0000000088100000, 0x0000000088200000|  0%| F|  |TAMS 0x0000000088100000, 0x0000000088100000| Untracked 
| 106|0x0000000088200000, 0x0000000088200000, 0x0000000088300000|  0%| F|  |TAMS 0x0000000088200000, 0x0000000088200000| Untracked 
| 107|0x0000000088300000, 0x0000000088300000, 0x0000000088400000|  0%| F|  |TAMS 0x0000000088300000, 0x0000000088300000| Untracked 
| 108|0x0000000088400000, 0x0000000088400000, 0x0000000088500000|  0%| F|  |TAMS 0x0000000088400000, 0x0000000088400000| Untracked 
| 109|0x0000000088500000, 0x0000000088500000, 0x0000000088600000|  0%| F|  |TAMS 0x0000000088500000, 0x0000000088500000| Untracked 
| 110|0x0000000088600000, 0x0000000088600000, 0x0000000088700000|  0%| F|  |TAMS 0x0000000088600000, 0x0000000088600000| Untracked 
| 111|0x0000000088700000, 0x0000000088700000, 0x0000000088800000|  0%| F|  |TAMS 0x0000000088700000, 0x0000000088700000| Untracked 
| 112|0x0000000088800000, 0x0000000088800000, 0x0000000088900000|  0%| F|  |TAMS 0x0000000088800000, 0x0000000088800000| Untracked 
| 113|0x0000000088900000, 0x0000000088900000, 0x0000000088a00000|  0%| F|  |TAMS 0x0000000088900000, 0x0000000088900000| Untracked 
| 114|0x0000000088a00000, 0x0000000088a00000, 0x0000000088b00000|  0%| F|  |TAMS 0x0000000088a00000, 0x0000000088a00000| Untracked 
| 115|0x0000000088b00000, 0x0000000088b00000, 0x0000000088c00000|  0%| F|  |TAMS 0x0000000088b00000, 0x0000000088b00000| Untracked 
| 116|0x0000000088c00000, 0x0000000088c00000, 0x0000000088d00000|  0%| F|  |TAMS 0x0000000088c00000, 0x0000000088c00000| Untracked 
| 117|0x0000000088d00000, 0x0000000088d00000, 0x0000000088e00000|  0%| F|  |TAMS 0x0000000088d00000, 0x0000000088d00000| Untracked 
| 118|0x0000000088e00000, 0x0000000088e00000, 0x0000000088f00000|  0%| F|  |TAMS 0x0000000088e00000, 0x0000000088e00000| Untracked 
| 119|0x0000000088f00000, 0x0000000088f00000, 0x0000000089000000|  0%| F|  |TAMS 0x0000000088f00000, 0x0000000088f00000| Untracked 
| 120|0x0000000089000000, 0x0000000089000000, 0x0000000089100000|  0%| F|  |TAMS 0x0000000089000000, 0x0000000089000000| Untracked 
| 121|0x0000000089100000, 0x0000000089100000, 0x0000000089200000|  0%| F|  |TAMS 0x0000000089100000, 0x0000000089100000| Untracked 
| 122|0x0000000089200000, 0x00000000892d37b8, 0x0000000089300000| 82%| S|CS|TAMS 0x0000000089200000, 0x0000000089200000| Complete 
| 123|0x0000000089300000, 0x0000000089300000, 0x0000000089400000|  0%| F|  |TAMS 0x0000000089300000, 0x0000000089300000| Untracked 
| 124|0x0000000089400000, 0x000000008943ef88, 0x0000000089500000| 24%| E|  |TAMS 0x0000000089400000, 0x0000000089400000| Complete 
| 125|0x0000000089500000, 0x0000000089600000, 0x0000000089600000|100%| E|CS|TAMS 0x0000000089500000, 0x0000000089500000| Complete 
| 126|0x0000000089600000, 0x0000000089700000, 0x0000000089700000|100%| E|CS|TAMS 0x0000000089600000, 0x0000000089600000| Complete 
| 127|0x0000000089700000, 0x0000000089800000, 0x0000000089800000|100%| E|CS|TAMS 0x0000000089700000, 0x0000000089700000| Complete 

Card table byte_map: [0x000001942d280000,0x000001942d680000] _byte_map_base: 0x000001942ce74000

Marking Bits (Prev, Next): (CMBitMap*) 0x0000019415b8a458, (CMBitMap*) 0x0000019415b8a490
 Prev Bits: [0x000001942da80000, 0x000001942fa20000)
 Next Bits: [0x000001942fa20000, 0x00000194319c0000)

Polling page: 0x0000019415320000

Metaspace:

Usage:
  Non-class:     18.13 MB capacity,    17.88 MB ( 99%) used,   191.35 KB (  1%) free+waste,    59.13 KB ( <1%) overhead. 
      Class:      2.38 MB capacity,     2.14 MB ( 90%) used,   216.70 KB (  9%) free+waste,    30.81 KB (  1%) overhead. 
       Both:     20.50 MB capacity,    20.02 MB ( 98%) used,   408.05 KB (  2%) free+waste,    89.94 KB ( <1%) overhead. 

Virtual space:
  Non-class space:       20.00 MB reserved,      18.25 MB ( 91%) committed 
      Class space:        1.00 GB reserved,       2.50 MB ( <1%) committed 
             Both:        1.02 GB reserved,      20.75 MB (  2%) committed 

Chunk freelists:
   Non-Class:  7.75 KB
       Class:  3.75 KB
        Both:  11.50 KB

CodeHeap 'non-profiled nmethods': size=120064Kb used=510Kb max_used=510Kb free=119553Kb
 bounds [0x0000019425940000, 0x0000019425bb0000, 0x000001942ce80000]
CodeHeap 'profiled nmethods': size=120000Kb used=2718Kb max_used=2718Kb free=117281Kb
 bounds [0x000001941e410000, 0x000001941e6c0000, 0x0000019425940000]
CodeHeap 'non-nmethods': size=5696Kb used=1233Kb max_used=1255Kb free=4462Kb
 bounds [0x000001941de80000, 0x000001941e0f0000, 0x000001941e410000]
 total_blobs=2373 nmethods=1503 adapters=520
 compilation: enabled
              stopped_count=0, restarted_count=0
 full_count=0

Compilation events (10 events):
Event: 2.383 Thread 0x0000019435615000 nmethod 1500 0x00000194259bf890 code [0x00000194259bfa20, 0x00000194259bfa98]
Event: 2.383 Thread 0x0000019433ed2000 1501       4       java.util.HashMap$HashIterator::nextNode (100 bytes)
Event: 2.384 Thread 0x0000019433ee3800 nmethod 1497 0x000001941e6b4610 code [0x000001941e6b48c0, 0x000001941e6b5bc0]
Event: 2.384 Thread 0x0000019433ee3800 1498       3       java.util.HashMap::remove (26 bytes)
Event: 2.384 Thread 0x0000019433ee3800 nmethod 1498 0x000001941e6b6090 code [0x000001941e6b6280, 0x000001941e6b6620]
Event: 2.384 Thread 0x0000019433ee3800 1499       3       java.util.HashMap::afterNodeRemoval (1 bytes)
Event: 2.384 Thread 0x0000019433ee3800 nmethod 1499 0x000001941e6b6790 code [0x000001941e6b6940, 0x000001941e6b6a98]
Event: 2.385 Thread 0x0000019433ee3800 1502       3       java.io.Bits::getInt (43 bytes)
Event: 2.385 Thread 0x0000019433ee3800 nmethod 1502 0x000001941e6b6b10 code [0x000001941e6b6cc0, 0x000001941e6b6eb8]
Event: 2.385 Thread 0x0000019433ee3800 1503       3       java.io.ObjectInputStream::readInt (8 bytes)

GC Heap History (4 events):
Event: 1.924 GC heap before
{Heap before GC invocations=0 (full 0):
 garbage-first heap   total 131072K, used 15360K [0x0000000081800000, 0x0000000100000000)
  region size 1024K, 14 young (14336K), 0 survivors (0K)
 Metaspace       used 16107K, capacity 16568K, committed 16768K, reserved 1064960K
  class space    used 1688K, capacity 1916K, committed 1920K, reserved 1048576K
}
Event: 1.933 GC heap after
{Heap after GC invocations=1 (full 0):
 garbage-first heap   total 131072K, used 6314K [0x0000000081800000, 0x0000000100000000)
  region size 1024K, 2 young (2048K), 2 survivors (2048K)
 Metaspace       used 16107K, capacity 16568K, committed 16768K, reserved 1064960K
  class space    used 1688K, capacity 1916K, committed 1920K, reserved 1048576K
}
Event: 2.199 GC heap before
{Heap before GC invocations=1 (full 0):
 garbage-first heap   total 131072K, used 11434K [0x0000000081800000, 0x0000000100000000)
  region size 1024K, 7 young (7168K), 2 survivors (2048K)
 Metaspace       used 19353K, capacity 19845K, committed 20096K, reserved 1067008K
  class space    used 2081K, capacity 2327K, committed 2432K, reserved 1048576K
}
Event: 2.204 GC heap after
{Heap after GC invocations=2 (full 0):
 garbage-first heap   total 131072K, used 7089K [0x0000000081800000, 0x0000000100000000)
  region size 1024K, 1 young (1024K), 1 survivors (1024K)
 Metaspace       used 19353K, capacity 19845K, committed 20096K, reserved 1067008K
  class space    used 2081K, capacity 2327K, committed 2432K, reserved 1048576K
}

Deoptimization events (10 events):
Event: 2.118 Thread 0x00000194356e0800 Uncommon trap: reason=intrinsic_or_type_checked_inlining action=make_not_entrant pc=0x00000194259a0178 method=java.util.Arrays.copyOf([Ljava/lang/Object;ILjava/lang/Class;)[Ljava/lang/Object; @ 35 c2
Event: 2.131 Thread 0x00000194356e0800 Uncommon trap: reason=class_check action=maybe_recompile pc=0x00000194259604e4 method=java.lang.String.equals(Ljava/lang/Object;)Z @ 8 c2
Event: 2.132 Thread 0x00000194356e0800 Uncommon trap: reason=class_check action=maybe_recompile pc=0x00000194259604e4 method=java.lang.String.equals(Ljava/lang/Object;)Z @ 8 c2
Event: 2.133 Thread 0x00000194356e0800 Uncommon trap: reason=class_check action=maybe_recompile pc=0x00000194259604e4 method=java.lang.String.equals(Ljava/lang/Object;)Z @ 8 c2
Event: 2.135 Thread 0x00000194356e0800 Uncommon trap: reason=class_check action=maybe_recompile pc=0x00000194259604e4 method=java.lang.String.equals(Ljava/lang/Object;)Z @ 8 c2
Event: 2.224 Thread 0x00000194356e0800 Uncommon trap: reason=unstable_if action=reinterpret pc=0x000001942599c99c method=java.lang.ref.ReferenceQueue.poll()Ljava/lang/ref/Reference; @ 4 c2
Event: 2.235 Thread 0x0000019435599800 Uncommon trap: reason=unstable_if action=reinterpret pc=0x0000019425978600 method=java.lang.AbstractStringBuilder.append(Ljava/lang/String;)Ljava/lang/AbstractStringBuilder; @ 1 c2
Event: 2.279 Thread 0x0000019435599800 Uncommon trap: reason=unstable_if action=reinterpret pc=0x000001942594f630 method=java.lang.StringLatin1.canEncode(I)Z @ 4 c2
Event: 2.279 Thread 0x0000019435599800 Uncommon trap: reason=unstable_if action=reinterpret pc=0x000001942594e708 method=java.lang.AbstractStringBuilder.isLatin1()Z @ 10 c2
Event: 2.279 Thread 0x0000019435599800 Uncommon trap: reason=unstable_if action=reinterpret pc=0x00000194259a2ff8 method=java.lang.AbstractStringBuilder.isLatin1()Z @ 10 c2

Classes redefined (0 events):
No events

Internal exceptions (10 events):
Event: 1.876 Thread 0x00000194356e0800 Exception <a 'java/lang/NoSuchMethodError'{0x0000000088a18d20}: java.lang.invoke.DirectMethodHandle$Holder.invokeStatic(Ljava/lang/Object;ILjava/lang/Object;Ljava/lang/Object;Ljava/lang/Object;)Ljava/lang/Object;> (0x0000000088a18d20) thrown at [t:/worksp
Event: 1.878 Thread 0x00000194356e0800 Exception <a 'java/lang/NoSuchMethodError'{0x0000000088a1f910}: java.lang.invoke.DirectMethodHandle$Holder.invokeSpecial(Ljava/lang/Object;Ljava/lang/Object;ILjava/lang/Object;Ljava/lang/Object;Ljava/lang/Object;)Ljava/lang/Object;> (0x0000000088a1f910) t
Event: 1.913 Thread 0x00000194356e0800 Exception <a 'java/lang/ClassNotFoundException'{0x0000000088ae9ff0}: com/sun/swing/internal/plaf/metal/resources/spi/metalProvider> (0x0000000088ae9ff0) thrown at [t:/workspace/open/src/hotspot/share/classfile/systemDictionary.cpp, line 231]
Event: 1.915 Thread 0x00000194356e0800 Exception <a 'java/lang/ClassNotFoundException'{0x0000000088aeec50}: com/sun/swing/internal/plaf/basic/resources/spi/basicProvider> (0x0000000088aeec50) thrown at [t:/workspace/open/src/hotspot/share/classfile/systemDictionary.cpp, line 231]
Event: 1.924 Thread 0x00000194356e0800 Implicit null exception at 0x000001942598b0f8 to 0x000001942598b18a
Event: 2.114 Thread 0x00000194356e0800 Exception <a 'java/lang/NoSuchMethodError'{0x0000000089316098}: java.lang.invoke.DirectMethodHandle$Holder.invokeSpecial(Ljava/lang/Object;Ljava/lang/Object;IILjava/lang/Object;Ljava/lang/Object;Ljava/lang/Object;Ljava/lang/Object;)Ljava/lang/Object;> (0x
Event: 2.114 Thread 0x00000194356e0800 Exception <a 'java/lang/NoSuchMethodError'{0x00000000893197d0}: java.lang.invoke.DelegatingMethodHandle$Holder.reinvoke_L(Ljava/lang/Object;IILjava/lang/Object;Ljava/lang/Object;Ljava/lang/Object;Ljava/lang/Object;)Ljava/lang/Object;> (0x00000000893197d0)
Event: 2.119 Thread 0x00000194356e0800 Exception <a 'java/lang/NoSuchMethodError'{0x000000008934de08}: java.lang.invoke.DirectMethodHandle$Holder.invokeStatic(Ljava/lang/Object;Ljava/lang/Object;Ljava/lang/Object;Ljava/lang/Object;Ljava/lang/Object;Ljava/lang/Object;Ljava/lang/Object;Ljava/lan
Event: 2.121 Thread 0x00000194356e0800 Exception <a 'java/lang/NoSuchMethodError'{0x000000008936a9c0}: java.lang.invoke.DirectMethodHandle$Holder.invokeStatic(Ljava/lang/Object;Ljava/lang/Object;Ljava/lang/Object;Ljava/lang/Object;Ljava/lang/Object;Ljava/lang/Object;Ljava/lang/Object;Ljava/lan
Event: 2.235 Thread 0x0000019435599800 Implicit null exception at 0x00000194259780f4 to 0x00000194259785e6

Events (10 events):
Event: 2.365 Executing VM operation: GetAllStackTraces
Event: 2.365 Executing VM operation: GetAllStackTraces done
Event: 2.372 loading class org/netbeans/lib/profiler/wireprotocol/EventBufferDumpedCommand
Event: 2.372 loading class org/netbeans/lib/profiler/wireprotocol/EventBufferDumpedCommand done
Event: 2.376 Executing VM operation: GetAllStackTraces
Event: 2.376 Executing VM operation: GetAllStackTraces done
Event: 2.382 loading class org/netbeans/lib/profiler/wireprotocol/DumpResultsResponse
Event: 2.383 loading class org/netbeans/lib/profiler/wireprotocol/DumpResultsResponse done
Event: 2.384 loading class org/netbeans/lib/profiler/wireprotocol/GetMethodNamesForJMethodIdsCommand
Event: 2.385 loading class org/netbeans/lib/profiler/wireprotocol/GetMethodNamesForJMethodIdsCommand done


Dynamic libraries:
0x00007ff6ae6c0000 - 0x00007ff6ae707000 	C:\Program Files\Java\jdk-11.0.3\bin\java.exe
0x00007ff954640000 - 0x00007ff954830000 	C:\WINDOWS\SYSTEM32\ntdll.dll
0x00007ff9533a0000 - 0x00007ff953452000 	C:\WINDOWS\System32\KERNEL32.DLL
0x00007ff951c20000 - 0x00007ff951ec3000 	C:\WINDOWS\System32\KERNELBASE.dll
0x00007ff953900000 - 0x00007ff9539a3000 	C:\WINDOWS\System32\ADVAPI32.dll
0x00007ff952f40000 - 0x00007ff952fde000 	C:\WINDOWS\System32\msvcrt.dll
0x00007ff952920000 - 0x00007ff9529b7000 	C:\WINDOWS\System32\sechost.dll
0x00007ff953610000 - 0x00007ff953730000 	C:\WINDOWS\System32\RPCRT4.dll
0x00007ff952fe0000 - 0x00007ff953173000 	C:\WINDOWS\System32\USER32.dll
0x00007ff9517d0000 - 0x00007ff9517f1000 	C:\WINDOWS\System32\win32u.dll
0x00007ff9538d0000 - 0x00007ff9538f6000 	C:\WINDOWS\System32\GDI32.dll
0x00007ff951a80000 - 0x00007ff951c14000 	C:\WINDOWS\System32\gdi32full.dll
0x00007ff9515d0000 - 0x00007ff95166e000 	C:\WINDOWS\System32\msvcp_win.dll
0x00007ff9516d0000 - 0x00007ff9517ca000 	C:\WINDOWS\System32\ucrtbase.dll
0x00007ff939a40000 - 0x00007ff939cc5000 	C:\WINDOWS\WinSxS\amd64_microsoft.windows.common-controls_6595b64144ccf1df_6.0.18362.356_none_e6c4af7d130f27cc\COMCTL32.dll
0x00007ff94a9d0000 - 0x00007ff94a9da000 	C:\WINDOWS\SYSTEM32\VERSION.dll
0x00007ff9539b0000 - 0x00007ff953ce6000 	C:\WINDOWS\System32\combase.dll
0x00007ff952670000 - 0x00007ff9526f0000 	C:\WINDOWS\System32\bcryptPrimitives.dll
0x00007ff953cf0000 - 0x00007ff953d1e000 	C:\WINDOWS\System32\IMM32.DLL
0x00007ff94d0f0000 - 0x00007ff94d106000 	C:\Program Files\Java\jdk-11.0.3\bin\vcruntime140.dll
0x00007ff917bb0000 - 0x00007ff917c5a000 	C:\Program Files\Java\jdk-11.0.3\bin\msvcp140.dll
0x00007ff8ec6f0000 - 0x00007ff8ed217000 	C:\Program Files\Java\jdk-11.0.3\bin\server\jvm.dll
0x00007ff953d90000 - 0x00007ff953d98000 	C:\WINDOWS\System32\PSAPI.DLL
0x00007ff94c9c0000 - 0x00007ff94c9c9000 	C:\WINDOWS\SYSTEM32\WSOCK32.dll
0x00007ff93c4e0000 - 0x00007ff93c504000 	C:\WINDOWS\SYSTEM32\WINMM.dll
0x00007ff953d20000 - 0x00007ff953d8f000 	C:\WINDOWS\System32\WS2_32.dll
0x00007ff93c4b0000 - 0x00007ff93c4dd000 	C:\WINDOWS\SYSTEM32\WINMMBASE.dll
0x00007ff9518b0000 - 0x00007ff9518fa000 	C:\WINDOWS\System32\cfgmgr32.dll
0x00007ff951520000 - 0x00007ff951531000 	C:\WINDOWS\System32\kernel.appcore.dll
0x00007ff92bff0000 - 0x00007ff92c001000 	C:\Program Files\Java\jdk-11.0.3\bin\verify.dll
0x00007ff93ab40000 - 0x00007ff93ad34000 	C:\WINDOWS\SYSTEM32\DBGHELP.DLL
0x00007ff93ab10000 - 0x00007ff93ab3a000 	C:\WINDOWS\SYSTEM32\dbgcore.DLL
0x00007ff92e1b0000 - 0x00007ff92e1d9000 	C:\Program Files\Java\jdk-11.0.3\bin\java.dll
0x00007ff94dc90000 - 0x00007ff94dc9f000 	C:\Users\Lulac\Documents\netbeans\profiler\lib\deployed\jdk16\windows-amd64\profilerinterface.dll
0x00007ff9298e0000 - 0x00007ff9298f6000 	C:\Program Files\Java\jdk-11.0.3\bin\zip.dll
0x00007ff940250000 - 0x00007ff94025a000 	C:\Program Files\Java\jdk-11.0.3\bin\jimage.dll
0x00007ff953f10000 - 0x00007ff9545f5000 	C:\WINDOWS\System32\SHELL32.dll
0x00007ff953180000 - 0x00007ff953229000 	C:\WINDOWS\System32\shcore.dll
0x00007ff951ed0000 - 0x00007ff95264e000 	C:\WINDOWS\System32\windows.storage.dll
0x00007ff951560000 - 0x00007ff95157f000 	C:\WINDOWS\System32\profapi.dll
0x00007ff951580000 - 0x00007ff9515ca000 	C:\WINDOWS\System32\powrprof.dll
0x00007ff951510000 - 0x00007ff951520000 	C:\WINDOWS\System32\UMPDC.dll
0x00007ff953870000 - 0x00007ff9538c2000 	C:\WINDOWS\System32\shlwapi.dll
0x00007ff952650000 - 0x00007ff952667000 	C:\WINDOWS\System32\cryptsp.dll
0x00007ff91f3b0000 - 0x00007ff91f3c9000 	C:\Program Files\Java\jdk-11.0.3\bin\net.dll
0x00007ff9485d0000 - 0x00007ff9486c0000 	C:\WINDOWS\SYSTEM32\WINHTTP.dll
0x00007ff9459e0000 - 0x00007ff945bb6000 	C:\WINDOWS\SYSTEM32\urlmon.dll
0x00007ff945270000 - 0x00007ff945516000 	C:\WINDOWS\SYSTEM32\iertutil.dll
0x00007ff950f50000 - 0x00007ff950f5c000 	C:\WINDOWS\SYSTEM32\CRYPTBASE.DLL
0x00007ff950d80000 - 0x00007ff950de7000 	C:\WINDOWS\system32\mswsock.dll
0x00007ff91cbf0000 - 0x00007ff91cc03000 	C:\Program Files\Java\jdk-11.0.3\bin\nio.dll
0x00007ff929910000 - 0x00007ff929919000 	C:\Program Files\Java\jdk-11.0.3\bin\management.dll
0x00007ff929900000 - 0x00007ff92990c000 	C:\Program Files\Java\jdk-11.0.3\bin\management_ext.dll
0x00007ff9508f0000 - 0x00007ff950923000 	C:\WINDOWS\system32\rsaenh.dll
0x00007ff951900000 - 0x00007ff951926000 	C:\WINDOWS\System32\bcrypt.dll
0x00007ff951430000 - 0x00007ff951455000 	C:\WINDOWS\SYSTEM32\USERENV.dll
0x00007ff950a90000 - 0x00007ff950aca000 	C:\WINDOWS\SYSTEM32\IPHLPAPI.DLL
0x00007ff952910000 - 0x00007ff952918000 	C:\WINDOWS\System32\NSI.dll
0x00007ff949e30000 - 0x00007ff949e46000 	C:\WINDOWS\SYSTEM32\dhcpcsvc6.DLL
0x00007ff94a090000 - 0x00007ff94a0ac000 	C:\WINDOWS\SYSTEM32\dhcpcsvc.DLL
0x00007ff950ad0000 - 0x00007ff950b9a000 	C:\WINDOWS\SYSTEM32\DNSAPI.dll
0x00007ff9078c0000 - 0x00007ff907a5f000 	C:\Program Files\Java\jdk-11.0.3\bin\awt.dll
0x00007ff952840000 - 0x00007ff952904000 	C:\WINDOWS\System32\OLEAUT32.dll
0x00007ff94e3b0000 - 0x00007ff94e970000 	C:\WINDOWS\SYSTEM32\d2d1.dll
0x00007ff94f790000 - 0x00007ff94f81f000 	C:\WINDOWS\SYSTEM32\apphelp.dll
0x00007ff94f840000 - 0x00007ff94f8d9000 	C:\WINDOWS\system32\uxtheme.dll
0x00007ff953730000 - 0x00007ff953865000 	C:\WINDOWS\System32\MSCTF.dll
0x00007ff953230000 - 0x00007ff953386000 	C:\WINDOWS\System32\ole32.dll
0x00007ff94fcb0000 - 0x00007ff94fcdd000 	C:\WINDOWS\system32\DWMAPI.DLL
0x00007ff91a0a0000 - 0x00007ff91a1f6000 	C:\WINDOWS\system32\opengl32.dll
0x00007ff91a070000 - 0x00007ff91a09c000 	C:\WINDOWS\SYSTEM32\GLU32.dll
0x00007ff950180000 - 0x00007ff9501a0000 	C:\WINDOWS\SYSTEM32\dxcore.dll
0x00007ff907f40000 - 0x00007ff907fc0000 	C:\Program Files\Java\jdk-11.0.3\bin\freetype.dll
0x00007ff907770000 - 0x00007ff9077df000 	C:\Program Files\Java\jdk-11.0.3\bin\fontmanager.dll

dbghelp: loaded successfully - version: 4.0.5 - missing functions: none
symbol engine: initialized successfully - sym options: 0x614 - pdb path: .;C:\Program Files\Java\jdk-11.0.3\bin;C:\WINDOWS\SYSTEM32;C:\WINDOWS\WinSxS\amd64_microsoft.windows.common-controls_6595b64144ccf1df_6.0.18362.356_none_e6c4af7d130f27cc;C:\Program Files\Java\jdk-11.0.3\bin\server;C:\Users\Lulac\Documents\netbeans\profiler\lib\deployed\jdk16\windows-amd64

VM Arguments:
jvm_args: -Dfile.encoding=UTF-8 -agentpath:C:/Users/Lulac/Documents/netbeans/profiler/lib/deployed/jdk16/windows-amd64/profilerinterface.dll=C:\Users\Lulac\Documents\netbeans\profiler\lib,5140,10 -XX:+HeapDumpOnOutOfMemoryError -XX:HeapDumpPath=C:\Users\Lulac\Documents\NetBeansProjects\Versiones del programa\RexsExpo27-09\REXS\nbproject\private\profiler 
java_command: rexsdesktop.RexsDesktop
java_class_path (initial): C:\Users\Lulac\Documents\netbeans\java\modules\ext\AbsoluteLayout.jar;C:\Users\Lulac\Documents\NetBeansProjects\Versiones del programa\RexsExpo27-09\REXS\src\librerias\activation.jar;C:\Users\Lulac\Documents\NetBeansProjects\Versiones del programa\RexsExpo27-09\REXS\src\librerias\commons-beanutils-1.8.0.jar;C:\Users\Lulac\Documents\NetBeansProjects\Versiones del programa\RexsExpo27-09\REXS\src\librerias\commons-collections-2.1.1.jar;C:\Users\Lulac\Documents\NetBeansProjects\Versiones del programa\RexsExpo27-09\REXS\src\librerias\commons-digester-2.1.jar;C:\Users\Lulac\Documents\NetBeansProjects\Versiones del programa\RexsExpo27-09\REXS\src\librerias\commons-javaflow-20060411.jar;C:\Users\Lulac\Documents\NetBeansProjects\Versiones del programa\RexsExpo27-09\REXS\src\librerias\commons-logging-1.1.1.jar;C:\Users\Lulac\Documents\NetBeansProjects\Versiones del programa\RexsExpo27-09\REXS\src\librerias\groovy-all-1.7.5.jar;C:\Users\Lulac\Documents\NetBeansProjects\Versiones del programa\RexsExpo27-09\REXS\src\librerias\hamcrest-core-1.3.jar;C:\Users\Lulac\Documents\NetBeansProjects\Versiones del programa\RexsExpo27-09\REXS\src\librerias\iText-2.1.7.jar;C:\Users\Lulac\Documents\NetBeansProjects\Versiones del programa\RexsExpo27-09\REXS\src\librerias\jasperreports-4.6.0.jar;C:\Users\Lulac\Documents\NetBeansProjects\Versiones del programa\RexsExpo27-09\REXS\src\librerias\jcalendar-1.4.jar;C:\Users\Lulac\Documents\NetBeansProjects\Versiones del programa\RexsExpo27-09\REXS\src\librerias\jcommon-1.0.23.jar;C:\Users\Lulac\Documents\NetBeansProjects\Versiones del programa\RexsExpo27-09\REXS\src\librerias\jfreechart-1.0.19-experimental.jar;C:\Users\Lulac\Documents\NetBeansProjects\Versiones del programa\RexsExpo27-09\REXS\src\librerias\jfreechart-1.0.19-swt.jar;C:\Users\Lulac\Documents\NetBeansProjects\Versiones del programa\RexsExpo27-09\REXS\src\librerias\jfreechart-1.0.19.jar;C:\Users\Lulac\Documents\NetBeansProjects\Versiones del programa\RexsExpo2
Launcher Type: SUN_STANDARD

[Global flags]
     intx CICompilerCount                          = 3                                         {product} {ergonomic}
     uint ConcGCThreads                            = 1                                         {product} {ergonomic}
     uint G1ConcRefinementThreads                  = 4                                         {product} {ergonomic}
   size_t G1HeapRegionSize                         = 1048576                                   {product} {ergonomic}
    uintx GCDrainStackTargetSize                   = 64                                        {product} {ergonomic}
     bool HeapDumpOnOutOfMemoryError               = true                                   {manageable} {command line}
    ccstr HeapDumpPath                             = C:\Users\Lulac\Documents\NetBeansProjects\Versiones del programa\RexsExpo27-09\REXS\nbproject\private\profiler         {manageable} {command line}
   size_t InitialHeapSize                          = 134217728                                 {product} {ergonomic}
   size_t MarkStackSize                            = 4194304                                   {product} {ergonomic}
   size_t MaxHeapSize                              = 2122317824                                {product} {ergonomic}
   size_t MaxNewSize                               = 1272971264                                {product} {ergonomic}
   size_t MinHeapDeltaBytes                        = 1048576                                   {product} {ergonomic}
    uintx NonNMethodCodeHeapSize                   = 5830092                                {pd product} {ergonomic}
    uintx NonProfiledCodeHeapSize                  = 122914074                              {pd product} {ergonomic}
    uintx ProfiledCodeHeapSize                     = 122914074                              {pd product} {ergonomic}
    uintx ReservedCodeCacheSize                    = 251658240                              {pd product} {ergonomic}
     bool SegmentedCodeCache                       = true                                      {product} {ergonomic}
     bool UseCompressedClassPointers               = true                                 {lp64_product} {ergonomic}
     bool UseCompressedOops                        = true                                 {lp64_product} {ergonomic}
     bool UseG1GC                                  = true                                      {product} {ergonomic}
     bool UseLargePagesIndividualAllocation        = false                                  {pd product} {ergonomic}

Logging:
Log output configuration:
 #0: stdout all=warning uptime,level,tags
 #1: stderr all=off uptime,level,tags

Environment Variables:
PATH=C:\Program Files\Microsoft MPI\Bin\;C:\WINDOWS\system32;C:\WINDOWS;C:\WINDOWS\System32\Wbem;C:\WINDOWS\System32\WindowsPowerShell\v1.0\;C:\WINDOWS\System32\OpenSSH\;C:\Program Files (x86)\Microsoft SQL Server\Client SDK\ODBC\130\Tools\Binn\;C:\Program Files (x86)\Microsoft SQL Server\140\Tools\Binn\;C:\Program Files (x86)\Microsoft SQL Server\140\DTS\Binn\;C:\Program Files (x86)\Microsoft SQL Server\140\Tools\Binn\ManagementStudio\;C:\Program Files\Microsoft SQL Server\140\Tools\Binn\;C:\Program Files\Microsoft SQL Server\140\DTS\Binn\;C:\Program Files\Microsoft SQL Server\Client SDK\ODBC\130\Tools\Binn\;C:\Program Files\Git\cmd;C:\Program Files\dotnet\;C:\Users\Lulac\AppData\Local\Microsoft\WindowsApps;C:\Users\Lulac\AppData\Local\atom\bin
USERNAME=Lulac
OS=Windows_NT
PROCESSOR_IDENTIFIER=Intel64 Family 6 Model 60 Stepping 3, GenuineIntel



---------------  S Y S T E M  ---------------

OS: Windows 10 , 64 bit Build 18362 (10.0.18362.329)

CPU:total 4 (initial active 4) (2 cores per cpu, 2 threads per core) family 6 model 60 stepping 3, cmov, cx8, fxsr, mmx, sse, sse2, sse3, ssse3, sse4.1, sse4.2, popcnt, avx, avx2, aes, clmul, erms, lzcnt, ht, tsc, tscinvbit, bmi1, bmi2, fma

Memory: 4k page, system-wide physical 8089M (3715M free)
TotalPageFile size 10777M (AvailPageFile size 5381M)
current process WorkingSet (physical memory assigned to process): 104M, peak: 106M
current process commit charge ("private bytes"): 242M, peak: 249M

vm_info: Java HotSpot(TM) 64-Bit Server VM (11.0.3+12-LTS) for windows-amd64 JRE (11.0.3+12-LTS), built on Apr  2 2019 12:43:09 by "mach5one" with MS VC++ 15.5 (VS2017)

END.
